15:55:37 **** Build of configuration Debug for project Lab1 ****
make -j12 all 
arm-none-eabi-gcc "../Drivers/STM32F1xx_HAL_Driver/Src/stm32f1xx_hal.c" -mcpu=cortex-m3 -std=gnu11 -g3 -DDEBUG -DUSE_HAL_DRIVER -DSTM32F103x6 -c -I../Core/Inc -I../Drivers/STM32F1xx_HAL_Driver/Inc -I../Drivers/STM32F1xx_HAL_Driver/Inc/Legacy -I../Drivers/CMSIS/Device/ST/STM32F1xx/Include -I../Drivers/CMSIS/Include -O0 -ffunction-sections -fdata-sections -Wall -fstack-usage -MMD -MP -MF"Drivers/STM32F1xx_HAL_Driver/Src/stm32f1xx_hal.d" -MT"Drivers/STM32F1xx_HAL_Driver/Src/stm32f1xx_hal.o" --specs=nano.specs -mfloat-abi=soft -mthumb -o "Drivers/STM32F1xx_HAL_Driver/Src/stm32f1xx_hal.o"
arm-none-eabi-gcc "../Drivers/STM32F1xx_HAL_Driver/Src/stm32f1xx_hal_cortex.c" -mcpu=cortex-m3 -std=gnu11 -g3 -DDEBUG -DUSE_HAL_DRIVER -DSTM32F103x6 -c -I../Core/Inc -I../Drivers/STM32F1xx_HAL_Driver/Inc -I../Drivers/STM32F1xx_HAL_Driver/Inc/Legacy -I../Drivers/CMSIS/Device/ST/STM32F1xx/Include -I../Drivers/CMSIS/Include -O0 -ffunction-sections -fdata-sections -Wall -fstack-usage -MMD -MP -MF"Drivers/STM32F1xx_HAL_Driver/Src/stm32f1xx_hal_cortex.d" -MT"Drivers/STM32F1xx_HAL_Driver/Src/stm32f1xx_hal_cortex.o" --specs=nano.specs -mfloat-abi=soft -mthumb -o "Drivers/STM32F1xx_HAL_Driver/Src/stm32f1xx_hal_cortex.o"
arm-none-eabi-gcc "../Drivers/STM32F1xx_HAL_Driver/Src/stm32f1xx_hal_dma.c" -mcpu=cortex-m3 -std=gnu11 -g3 -DDEBUG -DUSE_HAL_DRIVER -DSTM32F103x6 -c -I../Core/Inc -I../Drivers/STM32F1xx_HAL_Driver/Inc -I../Drivers/STM32F1xx_HAL_Driver/Inc/Legacy -I../Drivers/CMSIS/Device/ST/STM32F1xx/Include -I../Drivers/CMSIS/Include -O0 -ffunction-sections -fdata-sections -Wall -fstack-usage -MMD -MP -MF"Drivers/STM32F1xx_HAL_Driver/Src/stm32f1xx_hal_dma.d" -MT"Drivers/STM32F1xx_HAL_Driver/Src/stm32f1xx_hal_dma.o" --specs=nano.specs -mfloat-abi=soft -mthumb -o "Drivers/STM32F1xx_HAL_Driver/Src/stm32f1xx_hal_dma.o"
arm-none-eabi-gcc "../Drivers/STM32F1xx_HAL_Driver/Src/stm32f1xx_hal_exti.c" -mcpu=cortex-m3 -std=gnu11 -g3 -DDEBUG -DUSE_HAL_DRIVER -DSTM32F103x6 -c -I../Core/Inc -I../Drivers/STM32F1xx_HAL_Driver/Inc -I../Drivers/STM32F1xx_HAL_Driver/Inc/Legacy -I../Drivers/CMSIS/Device/ST/STM32F1xx/Include -I../Drivers/CMSIS/Include -O0 -ffunction-sections -fdata-sections -Wall -fstack-usage -MMD -MP -MF"Drivers/STM32F1xx_HAL_Driver/Src/stm32f1xx_hal_exti.d" -MT"Drivers/STM32F1xx_HAL_Driver/Src/stm32f1xx_hal_exti.o" --specs=nano.specs -mfloat-abi=soft -mthumb -o "Drivers/STM32F1xx_HAL_Driver/Src/stm32f1xx_hal_exti.o"
arm-none-eabi-gcc "../Drivers/STM32F1xx_HAL_Driver/Src/stm32f1xx_hal_flash.c" -mcpu=cortex-m3 -std=gnu11 -g3 -DDEBUG -DUSE_HAL_DRIVER -DSTM32F103x6 -c -I../Core/Inc -I../Drivers/STM32F1xx_HAL_Driver/Inc -I../Drivers/STM32F1xx_HAL_Driver/Inc/Legacy -I../Drivers/CMSIS/Device/ST/STM32F1xx/Include -I../Drivers/CMSIS/Include -O0 -ffunction-sections -fdata-sections -Wall -fstack-usage -MMD -MP -MF"Drivers/STM32F1xx_HAL_Driver/Src/stm32f1xx_hal_flash.d" -MT"Drivers/STM32F1xx_HAL_Driver/Src/stm32f1xx_hal_flash.o" --specs=nano.specs -mfloat-abi=soft -mthumb -o "Drivers/STM32F1xx_HAL_Driver/Src/stm32f1xx_hal_flash.o"
arm-none-eabi-gcc "../Drivers/STM32F1xx_HAL_Driver/Src/stm32f1xx_hal_flash_ex.c" -mcpu=cortex-m3 -std=gnu11 -g3 -DDEBUG -DUSE_HAL_DRIVER -DSTM32F103x6 -c -I../Core/Inc -I../Drivers/STM32F1xx_HAL_Driver/Inc -I../Drivers/STM32F1xx_HAL_Driver/Inc/Legacy -I../Drivers/CMSIS/Device/ST/STM32F1xx/Include -I../Drivers/CMSIS/Include -O0 -ffunction-sections -fdata-sections -Wall -fstack-usage -MMD -MP -MF"Drivers/STM32F1xx_HAL_Driver/Src/stm32f1xx_hal_flash_ex.d" -MT"Drivers/STM32F1xx_HAL_Driver/Src/stm32f1xx_hal_flash_ex.o" --specs=nano.specs -mfloat-abi=soft -mthumb -o "Drivers/STM32F1xx_HAL_Driver/Src/stm32f1xx_hal_flash_ex.o"
arm-none-eabi-gcc "../Drivers/STM32F1xx_HAL_Driver/Src/stm32f1xx_hal_gpio.c" -mcpu=cortex-m3 -std=gnu11 -g3 -DDEBUG -DUSE_HAL_DRIVER -DSTM32F103x6 -c -I../Core/Inc -I../Drivers/STM32F1xx_HAL_Driver/Inc -I../Drivers/STM32F1xx_HAL_Driver/Inc/Legacy -I../Drivers/CMSIS/Device/ST/STM32F1xx/Include -I../Drivers/CMSIS/Include -O0 -ffunction-sections -fdata-sections -Wall -fstack-usage -MMD -MP -MF"Drivers/STM32F1xx_HAL_Driver/Src/stm32f1xx_hal_gpio.d" -MT"Drivers/STM32F1xx_HAL_Driver/Src/stm32f1xx_hal_gpio.o" --specs=nano.specs -mfloat-abi=soft -mthumb -o "Drivers/STM32F1xx_HAL_Driver/Src/stm32f1xx_hal_gpio.o"
arm-none-eabi-gcc "../Drivers/STM32F1xx_HAL_Driver/Src/stm32f1xx_hal_gpio_ex.c" -mcpu=cortex-m3 -std=gnu11 -g3 -DDEBUG -DUSE_HAL_DRIVER -DSTM32F103x6 -c -I../Core/Inc -I../Drivers/STM32F1xx_HAL_Driver/Inc -I../Drivers/STM32F1xx_HAL_Driver/Inc/Legacy -I../Drivers/CMSIS/Device/ST/STM32F1xx/Include -I../Drivers/CMSIS/Include -O0 -ffunction-sections -fdata-sections -Wall -fstack-usage -MMD -MP -MF"Drivers/STM32F1xx_HAL_Driver/Src/stm32f1xx_hal_gpio_ex.d" -MT"Drivers/STM32F1xx_HAL_Driver/Src/stm32f1xx_hal_gpio_ex.o" --specs=nano.specs -mfloat-abi=soft -mthumb -o "Drivers/STM32F1xx_HAL_Driver/Src/stm32f1xx_hal_gpio_ex.o"
arm-none-eabi-gcc "../Drivers/STM32F1xx_HAL_Driver/Src/stm32f1xx_hal_pwr.c" -mcpu=cortex-m3 -std=gnu11 -g3 -DDEBUG -DUSE_HAL_DRIVER -DSTM32F103x6 -c -I../Core/Inc -I../Drivers/STM32F1xx_HAL_Driver/Inc -I../Drivers/STM32F1xx_HAL_Driver/Inc/Legacy -I../Drivers/CMSIS/Device/ST/STM32F1xx/Include -I../Drivers/CMSIS/Include -O0 -ffunction-sections -fdata-sections -Wall -fstack-usage -MMD -MP -MF"Drivers/STM32F1xx_HAL_Driver/Src/stm32f1xx_hal_pwr.d" -MT"Drivers/STM32F1xx_HAL_Driver/Src/stm32f1xx_hal_pwr.o" --specs=nano.specs -mfloat-abi=soft -mthumb -o "Drivers/STM32F1xx_HAL_Driver/Src/stm32f1xx_hal_pwr.o"
arm-none-eabi-gcc "../Drivers/STM32F1xx_HAL_Driver/Src/stm32f1xx_hal_rcc.c" -mcpu=cortex-m3 -std=gnu11 -g3 -DDEBUG -DUSE_HAL_DRIVER -DSTM32F103x6 -c -I../Core/Inc -I../Drivers/STM32F1xx_HAL_Driver/Inc -I../Drivers/STM32F1xx_HAL_Driver/Inc/Legacy -I../Drivers/CMSIS/Device/ST/STM32F1xx/Include -I../Drivers/CMSIS/Include -O0 -ffunction-sections -fdata-sections -Wall -fstack-usage -MMD -MP -MF"Drivers/STM32F1xx_HAL_Driver/Src/stm32f1xx_hal_rcc.d" -MT"Drivers/STM32F1xx_HAL_Driver/Src/stm32f1xx_hal_rcc.o" --specs=nano.specs -mfloat-abi=soft -mthumb -o "Drivers/STM32F1xx_HAL_Driver/Src/stm32f1xx_hal_rcc.o"
arm-none-eabi-gcc "../Drivers/STM32F1xx_HAL_Driver/Src/stm32f1xx_hal_rcc_ex.c" -mcpu=cortex-m3 -std=gnu11 -g3 -DDEBUG -DUSE_HAL_DRIVER -DSTM32F103x6 -c -I../Core/Inc -I../Drivers/STM32F1xx_HAL_Driver/Inc -I../Drivers/STM32F1xx_HAL_Driver/Inc/Legacy -I../Drivers/CMSIS/Device/ST/STM32F1xx/Include -I../Drivers/CMSIS/Include -O0 -ffunction-sections -fdata-sections -Wall -fstack-usage -MMD -MP -MF"Drivers/STM32F1xx_HAL_Driver/Src/stm32f1xx_hal_rcc_ex.d" -MT"Drivers/STM32F1xx_HAL_Driver/Src/stm32f1xx_hal_rcc_ex.o" --specs=nano.specs -mfloat-abi=soft -mthumb -o "Drivers/STM32F1xx_HAL_Driver/Src/stm32f1xx_hal_rcc_ex.o"
arm-none-eabi-gcc "../Drivers/STM32F1xx_HAL_Driver/Src/stm32f1xx_hal_tim.c" -mcpu=cortex-m3 -std=gnu11 -g3 -DDEBUG -DUSE_HAL_DRIVER -DSTM32F103x6 -c -I../Core/Inc -I../Drivers/STM32F1xx_HAL_Driver/Inc -I../Drivers/STM32F1xx_HAL_Driver/Inc/Legacy -I../Drivers/CMSIS/Device/ST/STM32F1xx/Include -I../Drivers/CMSIS/Include -O0 -ffunction-sections -fdata-sections -Wall -fstack-usage -MMD -MP -MF"Drivers/STM32F1xx_HAL_Driver/Src/stm32f1xx_hal_tim.d" -MT"Drivers/STM32F1xx_HAL_Driver/Src/stm32f1xx_hal_tim.o" --specs=nano.specs -mfloat-abi=soft -mthumb -o "Drivers/STM32F1xx_HAL_Driver/Src/stm32f1xx_hal_tim.o"
arm-none-eabi-gcc "../Drivers/STM32F1xx_HAL_Driver/Src/stm32f1xx_hal_tim_ex.c" -mcpu=cortex-m3 -std=gnu11 -g3 -DDEBUG -DUSE_HAL_DRIVER -DSTM32F103x6 -c -I../Core/Inc -I../Drivers/STM32F1xx_HAL_Driver/Inc -I../Drivers/STM32F1xx_HAL_Driver/Inc/Legacy -I../Drivers/CMSIS/Device/ST/STM32F1xx/Include -I../Drivers/CMSIS/Include -O0 -ffunction-sections -fdata-sections -Wall -fstack-usage -MMD -MP -MF"Drivers/STM32F1xx_HAL_Driver/Src/stm32f1xx_hal_tim_ex.d" -MT"Drivers/STM32F1xx_HAL_Driver/Src/stm32f1xx_hal_tim_ex.o" --specs=nano.specs -mfloat-abi=soft -mthumb -o "Drivers/STM32F1xx_HAL_Driver/Src/stm32f1xx_hal_tim_ex.o"
arm-none-eabi-gcc -mcpu=cortex-m3 -g3 -DDEBUG -c -x assembler-with-cpp -MMD -MP -MF"Core/Startup/startup_stm32f103c6ux.d" -MT"Core/Startup/startup_stm32f103c6ux.o" --specs=nano.specs -mfloat-abi=soft -mthumb -o "Core/Startup/startup_stm32f103c6ux.o" "../Core/Startup/startup_stm32f103c6ux.s"
arm-none-eabi-gcc "../Core/Src/main.c" -mcpu=cortex-m3 -std=gnu11 -g3 -DDEBUG -DUSE_HAL_DRIVER -DSTM32F103x6 -c -I../Core/Inc -I../Drivers/STM32F1xx_HAL_Driver/Inc -I../Drivers/STM32F1xx_HAL_Driver/Inc/Legacy -I../Drivers/CMSIS/Device/ST/STM32F1xx/Include -I../Drivers/CMSIS/Include -O0 -ffunction-sections -fdata-sections -Wall -fstack-usage -MMD -MP -MF"Core/Src/main.d" -MT"Core/Src/main.o" --specs=nano.specs -mfloat-abi=soft -mthumb -o "Core/Src/main.o"
arm-none-eabi-gcc "../Core/Src/stm32f1xx_hal_msp.c" -mcpu=cortex-m3 -std=gnu11 -g3 -DDEBUG -DUSE_HAL_DRIVER -DSTM32F103x6 -c -I../Core/Inc -I../Drivers/STM32F1xx_HAL_Driver/Inc -I../Drivers/STM32F1xx_HAL_Driver/Inc/Legacy -I../Drivers/CMSIS/Device/ST/STM32F1xx/Include -I../Drivers/CMSIS/Include -O0 -ffunction-sections -fdata-sections -Wall -fstack-usage -MMD -MP -MF"Core/Src/stm32f1xx_hal_msp.d" -MT"Core/Src/stm32f1xx_hal_msp.o" --specs=nano.specs -mfloat-abi=soft -mthumb -o "Core/Src/stm32f1xx_hal_msp.o"
arm-none-eabi-gcc "../Core/Src/stm32f1xx_it.c" -mcpu=cortex-m3 -std=gnu11 -g3 -DDEBUG -DUSE_HAL_DRIVER -DSTM32F103x6 -c -I../Core/Inc -I../Drivers/STM32F1xx_HAL_Driver/Inc -I../Drivers/STM32F1xx_HAL_Driver/Inc/Legacy -I../Drivers/CMSIS/Device/ST/STM32F1xx/Include -I../Drivers/CMSIS/Include -O0 -ffunction-sections -fdata-sections -Wall -fstack-usage -MMD -MP -MF"Core/Src/stm32f1xx_it.d" -MT"Core/Src/stm32f1xx_it.o" --specs=nano.specs -mfloat-abi=soft -mthumb -o "Core/Src/stm32f1xx_it.o"
arm-none-eabi-gcc "../Core/Src/syscalls.c" -mcpu=cortex-m3 -std=gnu11 -g3 -DDEBUG -DUSE_HAL_DRIVER -DSTM32F103x6 -c -I../Core/Inc -I../Drivers/STM32F1xx_HAL_Driver/Inc -I../Drivers/STM32F1xx_HAL_Driver/Inc/Legacy -I../Drivers/CMSIS/Device/ST/STM32F1xx/Include -I../Drivers/CMSIS/Include -O0 -ffunction-sections -fdata-sections -Wall -fstack-usage -MMD -MP -MF"Core/Src/syscalls.d" -MT"Core/Src/syscalls.o" --specs=nano.specs -mfloat-abi=soft -mthumb -o "Core/Src/syscalls.o"
arm-none-eabi-gcc "../Core/Src/sysmem.c" -mcpu=cortex-m3 -std=gnu11 -g3 -DDEBUG -DUSE_HAL_DRIVER -DSTM32F103x6 -c -I../Core/Inc -I../Drivers/STM32F1xx_HAL_Driver/Inc -I../Drivers/STM32F1xx_HAL_Driver/Inc/Legacy -I../Drivers/CMSIS/Device/ST/STM32F1xx/Include -I../Drivers/CMSIS/Include -O0 -ffunction-sections -fdata-sections -Wall -fstack-usage -MMD -MP -MF"Core/Src/sysmem.d" -MT"Core/Src/sysmem.o" --specs=nano.specs -mfloat-abi=soft -mthumb -o "Core/Src/sysmem.o"
arm-none-eabi-gcc "../Core/Src/system_stm32f1xx.c" -mcpu=cortex-m3 -std=gnu11 -g3 -DDEBUG -DUSE_HAL_DRIVER -DSTM32F103x6 -c -I../Core/Inc -I../Drivers/STM32F1xx_HAL_Driver/Inc -I../Drivers/STM32F1xx_HAL_Driver/Inc/Legacy -I../Drivers/CMSIS/Device/ST/STM32F1xx/Include -I../Drivers/CMSIS/Include -O0 -ffunction-sections -fdata-sections -Wall -fstack-usage -MMD -MP -MF"Core/Src/system_stm32f1xx.d" -MT"Core/Src/system_stm32f1xx.o" --specs=nano.specs -mfloat-abi=soft -mthumb -o "Core/Src/system_stm32f1xx.o"
../Core/Src/main.c: In function 'display7SEG_2':
../Core/Src/main.c:115:30: error: 'G2_7SEG_Pin' undeclared (first use in this function); did you mean 'G1_7SEG_Pin'?
  115 |     HAL_GPIO_WritePin(GPIOB, G2_7SEG_Pin, GPIO_PIN_SET);
      |                              ^~~~~~~~~~~
      |                              G1_7SEG_Pin
../Core/Src/main.c:115:30: note: each undeclared identifier is reported only once for each function it appears in
../Core/Src/main.c:116:30: error: 'B2_7SEG_Pin' undeclared (first use in this function); did you mean 'B1_7SEG_Pin'?
  116 |     HAL_GPIO_WritePin(GPIOB, B2_7SEG_Pin|C2_7SEG_Pin|D2_7SEG_Pin|E2_7SEG_Pin|F2_7SEG_Pin|A2_7SEG_Pin, GPIO_PIN_RESET);
      |                              ^~~~~~~~~~~
      |                              B1_7SEG_Pin
../Core/Src/main.c:116:42: error: 'C2_7SEG_Pin' undeclared (first use in this function); did you mean 'C1_7SEG_Pin'?
  116 |     HAL_GPIO_WritePin(GPIOB, B2_7SEG_Pin|C2_7SEG_Pin|D2_7SEG_Pin|E2_7SEG_Pin|F2_7SEG_Pin|A2_7SEG_Pin, GPIO_PIN_RESET);
      |                                          ^~~~~~~~~~~
      |                                          C1_7SEG_Pin
../Core/Src/main.c:116:54: error: 'D2_7SEG_Pin' undeclared (first use in this function); did you mean 'D_7SEG_Pin'?
  116 |     HAL_GPIO_WritePin(GPIOB, B2_7SEG_Pin|C2_7SEG_Pin|D2_7SEG_Pin|E2_7SEG_Pin|F2_7SEG_Pin|A2_7SEG_Pin, GPIO_PIN_RESET);
      |                                                      ^~~~~~~~~~~
      |                                                      D_7SEG_Pin
../Core/Src/main.c:116:66: error: 'E2_7SEG_Pin' undeclared (first use in this function); did you mean 'E_7SEG_Pin'?
  116 |     HAL_GPIO_WritePin(GPIOB, B2_7SEG_Pin|C2_7SEG_Pin|D2_7SEG_Pin|E2_7SEG_Pin|F2_7SEG_Pin|A2_7SEG_Pin, GPIO_PIN_RESET);
      |                                                                  ^~~~~~~~~~~
      |                                                                  E_7SEG_Pin
../Core/Src/main.c:116:78: error: 'F2_7SEG_Pin' undeclared (first use in this function); did you mean 'F_7SEG_Pin'?
  116 |     HAL_GPIO_WritePin(GPIOB, B2_7SEG_Pin|C2_7SEG_Pin|D2_7SEG_Pin|E2_7SEG_Pin|F2_7SEG_Pin|A2_7SEG_Pin, GPIO_PIN_RESET);
      |                                                                              ^~~~~~~~~~~
      |                                                                              F_7SEG_Pin
../Core/Src/main.c:116:90: error: 'A2_7SEG_Pin' undeclared (first use in this function); did you mean 'A1_7SEG_Pin'?
  116 |     HAL_GPIO_WritePin(GPIOB, B2_7SEG_Pin|C2_7SEG_Pin|D2_7SEG_Pin|E2_7SEG_Pin|F2_7SEG_Pin|A2_7SEG_Pin, GPIO_PIN_RESET);
      |                                                                                          ^~~~~~~~~~~
      |                                                                                          A1_7SEG_Pin
../Core/Src/main.c: In function 'main':
../Core/Src/main.c:253:13: error: invalid storage class for function 'MX_GPIO_Init'
  253 | static void MX_GPIO_Init(void)
      |             ^~~~~~~~~~~~
../Core/Src/main.c:312:1: error: expected declaration or statement at end of input
  312 | }
      | ^
../Core/Src/main.c: At top level:
../Core/Src/main.c:50:13: warning: 'MX_GPIO_Init' used but never defined
   50 | static void MX_GPIO_Init(void);
      |             ^~~~~~~~~~~~
../Core/Src/main.c:303:6: warning: 'Error_Handler' defined but not used [-Wunused-function]
  303 | void Error_Handler(void)
      |      ^~~~~~~~~~~~~
../Core/Src/main.c:253:13: warning: 'MX_GPIO_Init' defined but not used [-Wunused-function]
  253 | static void MX_GPIO_Init(void)
      |             ^~~~~~~~~~~~
../Core/Src/main.c:217:6: warning: 'SystemClock_Config' defined but not used [-Wunused-function]
  217 | void SystemClock_Config(void)
      |      ^~~~~~~~~~~~~~~~~~
make: *** [Core/Src/subdir.mk:34: Core/Src/main.o] Error 1
make: *** Waiting for unfinished jobs....
"make -j12 all" terminated with exit code 2. Build might be incomplete.
15:56:20 **** Incremental Build of configuration Debug for project Lab1 ****
make -j12 all 
arm-none-eabi-gcc "../Core/Src/main.c" -mcpu=cortex-m3 -std=gnu11 -g3 -DDEBUG -DUSE_HAL_DRIVER -DSTM32F103x6 -c -I../Core/Inc -I../Drivers/STM32F1xx_HAL_Driver/Inc -I../Drivers/STM32F1xx_HAL_Driver/Inc/Legacy -I../Drivers/CMSIS/Device/ST/STM32F1xx/Include -I../Drivers/CMSIS/Include -O0 -ffunction-sections -fdata-sections -Wall -fstack-usage -MMD -MP -MF"Core/Src/main.d" -MT"Core/Src/main.o" --specs=nano.specs -mfloat-abi=soft -mthumb -o "Core/Src/main.o"
../Core/Src/main.c: In function 'display7SEG_2':
../Core/Src/main.c:115:30: error: 'G2_7SEG_Pin' undeclared (first use in this function); did you mean 'G1_7SEG_Pin'?
  115 |     HAL_GPIO_WritePin(GPIOB, G2_7SEG_Pin, GPIO_PIN_SET);
      |                              ^~~~~~~~~~~
      |                              G1_7SEG_Pin
../Core/Src/main.c:115:30: note: each undeclared identifier is reported only once for each function it appears in
../Core/Src/main.c:116:30: error: 'B2_7SEG_Pin' undeclared (first use in this function); did you mean 'B1_7SEG_Pin'?
  116 |     HAL_GPIO_WritePin(GPIOB, B2_7SEG_Pin|C2_7SEG_Pin|D2_7SEG_Pin|E2_7SEG_Pin|F2_7SEG_Pin|A2_7SEG_Pin, GPIO_PIN_RESET);
      |                              ^~~~~~~~~~~
      |                              B1_7SEG_Pin
../Core/Src/main.c:116:42: error: 'C2_7SEG_Pin' undeclared (first use in this function); did you mean 'C1_7SEG_Pin'?
  116 |     HAL_GPIO_WritePin(GPIOB, B2_7SEG_Pin|C2_7SEG_Pin|D2_7SEG_Pin|E2_7SEG_Pin|F2_7SEG_Pin|A2_7SEG_Pin, GPIO_PIN_RESET);
      |                                          ^~~~~~~~~~~
      |                                          C1_7SEG_Pin
../Core/Src/main.c:116:54: error: 'D2_7SEG_Pin' undeclared (first use in this function); did you mean 'D_7SEG_Pin'?
  116 |     HAL_GPIO_WritePin(GPIOB, B2_7SEG_Pin|C2_7SEG_Pin|D2_7SEG_Pin|E2_7SEG_Pin|F2_7SEG_Pin|A2_7SEG_Pin, GPIO_PIN_RESET);
      |                                                      ^~~~~~~~~~~
      |                                                      D_7SEG_Pin
../Core/Src/main.c:116:66: error: 'E2_7SEG_Pin' undeclared (first use in this function); did you mean 'E_7SEG_Pin'?
  116 |     HAL_GPIO_WritePin(GPIOB, B2_7SEG_Pin|C2_7SEG_Pin|D2_7SEG_Pin|E2_7SEG_Pin|F2_7SEG_Pin|A2_7SEG_Pin, GPIO_PIN_RESET);
      |                                                                  ^~~~~~~~~~~
      |                                                                  E_7SEG_Pin
../Core/Src/main.c:116:78: error: 'F2_7SEG_Pin' undeclared (first use in this function); did you mean 'F_7SEG_Pin'?
  116 |     HAL_GPIO_WritePin(GPIOB, B2_7SEG_Pin|C2_7SEG_Pin|D2_7SEG_Pin|E2_7SEG_Pin|F2_7SEG_Pin|A2_7SEG_Pin, GPIO_PIN_RESET);
      |                                                                              ^~~~~~~~~~~
      |                                                                              F_7SEG_Pin
../Core/Src/main.c:116:90: error: 'A2_7SEG_Pin' undeclared (first use in this function); did you mean 'A1_7SEG_Pin'?
  116 |     HAL_GPIO_WritePin(GPIOB, B2_7SEG_Pin|C2_7SEG_Pin|D2_7SEG_Pin|E2_7SEG_Pin|F2_7SEG_Pin|A2_7SEG_Pin, GPIO_PIN_RESET);
      |                                                                                          ^~~~~~~~~~~
      |                                                                                          A1_7SEG_Pin
make: *** [Core/Src/subdir.mk:34: Core/Src/main.o] Error 1
"make -j12 all" terminated with exit code 2. Build might be incomplete.
15:58:42 **** Incremental Build of configuration Debug for project Lab1 ****
make -j12 all 
arm-none-eabi-gcc "../Core/Src/main.c" -mcpu=cortex-m3 -std=gnu11 -g3 -DDEBUG -DUSE_HAL_DRIVER -DSTM32F103x6 -c -I../Core/Inc -I../Drivers/STM32F1xx_HAL_Driver/Inc -I../Drivers/STM32F1xx_HAL_Driver/Inc/Legacy -I../Drivers/CMSIS/Device/ST/STM32F1xx/Include -I../Drivers/CMSIS/Include -O0 -ffunction-sections -fdata-sections -Wall -fstack-usage -MMD -MP -MF"Core/Src/main.d" -MT"Core/Src/main.o" --specs=nano.specs -mfloat-abi=soft -mthumb -o "Core/Src/main.o"
arm-none-eabi-gcc -o "Lab1.elf" @"objects.list"   -mcpu=cortex-m3 -T"G:\Study\ViXuLy\BeforeGit\Lab1\STM32F103C6UX_FLASH.ld" --specs=nosys.specs -Wl,-Map="Lab1.map" -Wl,--gc-sections -static --specs=nano.specs -mfloat-abi=soft -mthumb -Wl,--start-group -lc -lm -Wl,--end-group
Finished building target: Lab1.elf
 
arm-none-eabi-size   Lab1.elf 
arm-none-eabi-objdump -h -S  Lab1.elf  > "Lab1.list"
arm-none-eabi-objcopy  -O binary  Lab1.elf  "Lab1.bin"
   text	   data	    bss	    dec	    hex	filename
   5292	     20	   1572	   6884	   1ae4	Lab1.elf
Finished building: default.size.stdout
 
Finished building: Lab1.bin
 
Finished building: Lab1.list
 
16:02:03 **** Incremental Build of configuration Debug for project Lab1 ****
make -j12 all 
arm-none-eabi-gcc -o "Lab1.elf" @"objects.list"   -mcpu=cortex-m3 -T"G:\Study\ViXuLy\BeforeGit\Lab1\STM32F103C6UX_FLASH.ld" --specs=nosys.specs -Wl,-Map="Lab1.map" -Wl,--gc-sections -static --specs=nano.specs -mfloat-abi=soft -mthumb -Wl,--start-group -lc -lm -Wl,--end-group
Finished building target: Lab1.elf
 
arm-none-eabi-size   Lab1.elf 
arm-none-eabi-objdump -h -S  Lab1.elf  > "Lab1.list"
arm-none-eabi-objcopy  -O ihex  Lab1.elf  "Lab1.hex"
arm-none-eabi-objcopy  -O binary  Lab1.elf  "Lab1.bin"
   text	   data	    bss	    dec	    hex	filename
   5292	     20	   1572	   6884	   1ae4	Lab1.elf
Finished building: default.size.stdout
 
Finished building: Lab1.hex
Finished building: Lab1.bin
 
Finished building: Lab1.list
 
 
16:38:58 **** Incremental Build of configuration Debug for project Lab1 ****
make -j12 all 
arm-none-eabi-gcc "../Core/Src/main.c" -mcpu=cortex-m3 -std=gnu11 -g3 -DDEBUG -DUSE_HAL_DRIVER -DSTM32F103x6 -c -I../Core/Inc -I../Drivers/STM32F1xx_HAL_Driver/Inc -I../Drivers/STM32F1xx_HAL_Driver/Inc/Legacy -I../Drivers/CMSIS/Device/ST/STM32F1xx/Include -I../Drivers/CMSIS/Include -O0 -ffunction-sections -fdata-sections -Wall -fstack-usage -MMD -MP -MF"Core/Src/main.d" -MT"Core/Src/main.o" --specs=nano.specs -mfloat-abi=soft -mthumb -o "Core/Src/main.o"
arm-none-eabi-gcc -o "Lab1.elf" @"objects.list"   -mcpu=cortex-m3 -T"G:\Study\ViXuLy\BeforeGit\Lab1\STM32F103C6UX_FLASH.ld" --specs=nosys.specs -Wl,-Map="Lab1.map" -Wl,--gc-sections -static --specs=nano.specs -mfloat-abi=soft -mthumb -Wl,--start-group -lc -lm -Wl,--end-group
Finished building target: Lab1.elf
 
arm-none-eabi-size   Lab1.elf 
arm-none-eabi-objdump -h -S  Lab1.elf  > "Lab1.list"
arm-none-eabi-objcopy  -O ihex  Lab1.elf  "Lab1.hex"
arm-none-eabi-objcopy  -O binary  Lab1.elf  "Lab1.bin"
   text	   data	    bss	    dec	    hex	filename
   5460	     20	   1572	   7052	   1b8c	Lab1.elf
Finished building: default.size.stdout
 
Finished building: Lab1.bin
Finished building: Lab1.hex
 
 
Finished building: Lab1.list
 
16:51:56 **** Incremental Build of configuration Debug for project Lab1 ****
make -j12 all 
arm-none-eabi-gcc "../Core/Src/main.c" -mcpu=cortex-m3 -std=gnu11 -g3 -DDEBUG -DUSE_HAL_DRIVER -DSTM32F103x6 -c -I../Core/Inc -I../Drivers/STM32F1xx_HAL_Driver/Inc -I../Drivers/STM32F1xx_HAL_Driver/Inc/Legacy -I../Drivers/CMSIS/Device/ST/STM32F1xx/Include -I../Drivers/CMSIS/Include -O0 -ffunction-sections -fdata-sections -Wall -fstack-usage -MMD -MP -MF"Core/Src/main.d" -MT"Core/Src/main.o" --specs=nano.specs -mfloat-abi=soft -mthumb -o "Core/Src/main.o"
arm-none-eabi-gcc -o "Lab1.elf" @"objects.list"   -mcpu=cortex-m3 -T"G:\Study\ViXuLy\BeforeGit\Lab1\STM32F103C6UX_FLASH.ld" --specs=nosys.specs -Wl,-Map="Lab1.map" -Wl,--gc-sections -static --specs=nano.specs -mfloat-abi=soft -mthumb -Wl,--start-group -lc -lm -Wl,--end-group
Finished building target: Lab1.elf
 
arm-none-eabi-size   Lab1.elf 
arm-none-eabi-objdump -h -S  Lab1.elf  > "Lab1.list"
arm-none-eabi-objcopy  -O ihex  Lab1.elf  "Lab1.hex"
arm-none-eabi-objcopy  -O binary  Lab1.elf  "Lab1.bin"
   text	   data	    bss	    dec	    hex	filename
   5476	     20	   1572	   7068	   1b9c	Lab1.elf
Finished building: default.size.stdout
 
Finished building: Lab1.bin
Finished building: Lab1.hex
Finished building: Lab1.list
 
 
 
16:52:32 **** Incremental Build of configuration Debug for project Lab1 ****
make -j12 all 
arm-none-eabi-gcc "../Core/Src/main.c" -mcpu=cortex-m3 -std=gnu11 -g3 -DDEBUG -DUSE_HAL_DRIVER -DSTM32F103x6 -c -I../Core/Inc -I../Drivers/STM32F1xx_HAL_Driver/Inc -I../Drivers/STM32F1xx_HAL_Driver/Inc/Legacy -I../Drivers/CMSIS/Device/ST/STM32F1xx/Include -I../Drivers/CMSIS/Include -O0 -ffunction-sections -fdata-sections -Wall -fstack-usage -MMD -MP -MF"Core/Src/main.d" -MT"Core/Src/main.o" --specs=nano.specs -mfloat-abi=soft -mthumb -o "Core/Src/main.o"
arm-none-eabi-gcc -o "Lab1.elf" @"objects.list"   -mcpu=cortex-m3 -T"G:\Study\ViXuLy\BeforeGit\Lab1\STM32F103C6UX_FLASH.ld" --specs=nosys.specs -Wl,-Map="Lab1.map" -Wl,--gc-sections -static --specs=nano.specs -mfloat-abi=soft -mthumb -Wl,--start-group -lc -lm -Wl,--end-group
Finished building target: Lab1.elf
 
arm-none-eabi-size   Lab1.elf 
arm-none-eabi-objdump -h -S  Lab1.elf  > "Lab1.list"
arm-none-eabi-objcopy  -O ihex  Lab1.elf  "Lab1.hex"
   text	   data	    bss	    dec	    hex	filename
   5476	     20	   1572	   7068	   1b9c	Lab1.elf
arm-none-eabi-objcopy  -O binary  Lab1.elf  "Lab1.bin"
Finished building: default.size.stdout
 
Finished building: Lab1.hex
Finished building: Lab1.bin
 
Finished building: Lab1.list
 
 
09:17:05 **** Incremental Build of configuration Debug for project Lab1 ****
make -j12 all 
arm-none-eabi-gcc "../Core/Src/main.c" -mcpu=cortex-m3 -std=gnu11 -g3 -DDEBUG -DUSE_HAL_DRIVER -DSTM32F103x6 -c -I../Core/Inc -I../Drivers/STM32F1xx_HAL_Driver/Inc -I../Drivers/STM32F1xx_HAL_Driver/Inc/Legacy -I../Drivers/CMSIS/Device/ST/STM32F1xx/Include -I../Drivers/CMSIS/Include -O0 -ffunction-sections -fdata-sections -Wall -fstack-usage -MMD -MP -MF"Core/Src/main.d" -MT"Core/Src/main.o" --specs=nano.specs -mfloat-abi=soft -mthumb -o "Core/Src/main.o"
../Core/Src/main.c:1:3: error: unknown type name 'wwadwasdwqas'
    1 |   wwadwasdwqas w wawa/* USER CODE BEGIN Header */
      |   ^~~~~~~~~~~~
../Core/Src/main.c:1:18: error: expected '=', ',', ';', 'asm' or '__attribute__' before 'wawa'
    1 |   wwadwasdwqas w wawa/* USER CODE BEGIN Header */
      |                  ^~~~
In file included from ../Drivers/CMSIS/Device/ST/STM32F1xx/Include/stm32f1xx.h:128,
                 from ../Drivers/STM32F1xx_HAL_Driver/Inc/stm32f1xx_hal_def.h:29,
                 from ../Drivers/STM32F1xx_HAL_Driver/Inc/stm32f1xx_hal_rcc.h:27,
                 from ../Core/Inc/stm32f1xx_hal_conf.h:237,
                 from ../Drivers/STM32F1xx_HAL_Driver/Inc/stm32f1xx_hal.h:29,
                 from ../Core/Inc/main.h:31,
                 from ../Core/Src/main.c:21:
../Drivers/CMSIS/Device/ST/STM32F1xx/Include/stm32f103x6.h:120:3: warning: data definition has no type or storage class
  120 | } IRQn_Type;
      |   ^~~~~~~~~
../Drivers/CMSIS/Device/ST/STM32F1xx/Include/stm32f103x6.h:120:3: warning: type defaults to 'int' in declaration of 'IRQn_Type' [-Wimplicit-int]
In file included from ../Drivers/CMSIS/Device/ST/STM32F1xx/Include/stm32f103x6.h:126,
                 from ../Drivers/CMSIS/Device/ST/STM32F1xx/Include/stm32f1xx.h:128,
                 from ../Drivers/STM32F1xx_HAL_Driver/Inc/stm32f1xx_hal_def.h:29,
                 from ../Drivers/STM32F1xx_HAL_Driver/Inc/stm32f1xx_hal_rcc.h:27,
                 from ../Core/Inc/stm32f1xx_hal_conf.h:237,
                 from ../Drivers/STM32F1xx_HAL_Driver/Inc/stm32f1xx_hal.h:29,
                 from ../Core/Inc/main.h:31,
                 from ../Core/Src/main.c:21:
../Drivers/CMSIS/Include/core_cm3.h:1511:39: error: expected declaration specifiers or '...' before 'IRQn_Type'
 1511 | __STATIC_INLINE void __NVIC_EnableIRQ(IRQn_Type IRQn)
      |                                       ^~~~~~~~~
../Drivers/CMSIS/Include/core_cm3.h:1528:46: error: expected declaration specifiers or '...' before 'IRQn_Type'
 1528 | __STATIC_INLINE uint32_t __NVIC_GetEnableIRQ(IRQn_Type IRQn)
      |                                              ^~~~~~~~~
../Drivers/CMSIS/Include/core_cm3.h:1547:40: error: expected declaration specifiers or '...' before 'IRQn_Type'
 1547 | __STATIC_INLINE void __NVIC_DisableIRQ(IRQn_Type IRQn)
      |                                        ^~~~~~~~~
../Drivers/CMSIS/Include/core_cm3.h:1566:47: error: expected declaration specifiers or '...' before 'IRQn_Type'
 1566 | __STATIC_INLINE uint32_t __NVIC_GetPendingIRQ(IRQn_Type IRQn)
      |                                               ^~~~~~~~~
../Drivers/CMSIS/Include/core_cm3.h:1585:43: error: expected declaration specifiers or '...' before 'IRQn_Type'
 1585 | __STATIC_INLINE void __NVIC_SetPendingIRQ(IRQn_Type IRQn)
      |                                           ^~~~~~~~~
../Drivers/CMSIS/Include/core_cm3.h:1600:45: error: expected declaration specifiers or '...' before 'IRQn_Type'
 1600 | __STATIC_INLINE void __NVIC_ClearPendingIRQ(IRQn_Type IRQn)
      |                                             ^~~~~~~~~
../Drivers/CMSIS/Include/core_cm3.h:1617:43: error: expected declaration specifiers or '...' before 'IRQn_Type'
 1617 | __STATIC_INLINE uint32_t __NVIC_GetActive(IRQn_Type IRQn)
      |                                           ^~~~~~~~~
../Drivers/CMSIS/Include/core_cm3.h:1639:41: error: expected declaration specifiers or '...' before 'IRQn_Type'
 1639 | __STATIC_INLINE void __NVIC_SetPriority(IRQn_Type IRQn, uint32_t priority)
      |                                         ^~~~~~~~~
../Drivers/CMSIS/Include/core_cm3.h:1661:45: error: expected declaration specifiers or '...' before 'IRQn_Type'
 1661 | __STATIC_INLINE uint32_t __NVIC_GetPriority(IRQn_Type IRQn)
      |                                             ^~~~~~~~~
../Drivers/CMSIS/Include/core_cm3.h:1736:39: error: expected declaration specifiers or '...' before 'IRQn_Type'
 1736 | __STATIC_INLINE void __NVIC_SetVector(IRQn_Type IRQn, uint32_t vector)
      |                                       ^~~~~~~~~
../Drivers/CMSIS/Include/core_cm3.h:1751:43: error: expected declaration specifiers or '...' before 'IRQn_Type'
 1751 | __STATIC_INLINE uint32_t __NVIC_GetVector(IRQn_Type IRQn)
      |                                           ^~~~~~~~~
../Drivers/CMSIS/Include/core_cm3.h: In function 'SysTick_Config':
../Drivers/CMSIS/Include/core_cm3.h:1447:39: warning: implicit declaration of function '__NVIC_SetPriority'; did you mean 'NVIC_SetPriority'? [-Wimplicit-function-declaration]
 1447 |   #define NVIC_SetPriority            __NVIC_SetPriority
      |                                       ^~~~~~~~~~~~~~~~~~
../Drivers/CMSIS/Include/core_cm3.h:1842:3: note: in expansion of macro 'NVIC_SetPriority'
 1842 |   NVIC_SetPriority (SysTick_IRQn, (1UL << __NVIC_PRIO_BITS) - 1UL); /* set Priority for Systick Interrupt */
      |   ^~~~~~~~~~~~~~~~
../Drivers/CMSIS/Include/core_cm3.h:1842:21: error: 'SysTick_IRQn' undeclared (first use in this function); did you mean 'SysTick_Type'?
 1842 |   NVIC_SetPriority (SysTick_IRQn, (1UL << __NVIC_PRIO_BITS) - 1UL); /* set Priority for Systick Interrupt */
      |                     ^~~~~~~~~~~~
      |                     SysTick_Type
../Drivers/CMSIS/Include/core_cm3.h:1842:21: note: each undeclared identifier is reported only once for each function it appears in
In file included from ../Core/Inc/stm32f1xx_hal_conf.h:269,
                 from ../Drivers/STM32F1xx_HAL_Driver/Inc/stm32f1xx_hal.h:29,
                 from ../Core/Inc/main.h:31,
                 from ../Core/Src/main.c:21:
../Drivers/STM32F1xx_HAL_Driver/Inc/stm32f1xx_hal_cortex.h: At top level:
../Drivers/STM32F1xx_HAL_Driver/Inc/stm32f1xx_hal_cortex.h:262:27: error: expected declaration specifiers or '...' before 'IRQn_Type'
  262 | void HAL_NVIC_SetPriority(IRQn_Type IRQn, uint32_t PreemptPriority, uint32_t SubPriority);
      |                           ^~~~~~~~~
../Drivers/STM32F1xx_HAL_Driver/Inc/stm32f1xx_hal_cortex.h:263:25: error: expected declaration specifiers or '...' before 'IRQn_Type'
  263 | void HAL_NVIC_EnableIRQ(IRQn_Type IRQn);
      |                         ^~~~~~~~~
../Drivers/STM32F1xx_HAL_Driver/Inc/stm32f1xx_hal_cortex.h:264:26: error: expected declaration specifiers or '...' before 'IRQn_Type'
  264 | void HAL_NVIC_DisableIRQ(IRQn_Type IRQn);
      |                          ^~~~~~~~~
../Drivers/STM32F1xx_HAL_Driver/Inc/stm32f1xx_hal_cortex.h:276:27: error: expected declaration specifiers or '...' before 'IRQn_Type'
  276 | void HAL_NVIC_GetPriority(IRQn_Type IRQn, uint32_t PriorityGroup, uint32_t* pPreemptPriority, uint32_t* pSubPriority);
      |                           ^~~~~~~~~
../Drivers/STM32F1xx_HAL_Driver/Inc/stm32f1xx_hal_cortex.h:277:33: error: expected declaration specifiers or '...' before 'IRQn_Type'
  277 | uint32_t HAL_NVIC_GetPendingIRQ(IRQn_Type IRQn);
      |                                 ^~~~~~~~~
../Drivers/STM32F1xx_HAL_Driver/Inc/stm32f1xx_hal_cortex.h:278:29: error: expected declaration specifiers or '...' before 'IRQn_Type'
  278 | void HAL_NVIC_SetPendingIRQ(IRQn_Type IRQn);
      |                             ^~~~~~~~~
../Drivers/STM32F1xx_HAL_Driver/Inc/stm32f1xx_hal_cortex.h:279:31: error: expected declaration specifiers or '...' before 'IRQn_Type'
  279 | void HAL_NVIC_ClearPendingIRQ(IRQn_Type IRQn);
      |                               ^~~~~~~~~
../Drivers/STM32F1xx_HAL_Driver/Inc/stm32f1xx_hal_cortex.h:280:29: error: expected declaration specifiers or '...' before 'IRQn_Type'
  280 | uint32_t HAL_NVIC_GetActive(IRQn_Type IRQn);
      |                             ^~~~~~~~~
../Core/Src/main.c: In function 'display7SEG_2':
../Core/Src/main.c:116:20: error: 'w3easdqawdadadsaweasdwdsa' undeclared (first use in this function)
  116 |     switch (number)w3easdqawdadadsaweasdwdsa
      |                    ^~~~~~~~~~~~~~~~~~~~~~~~~
../Core/Src/main.c:116:45: error: expected ';' before '{' token
  116 |     switch (number)w3easdqawdadadsaweasdwdsa
      |                                             ^
      |                                             ;
  117 |             {
      |             ~                                
../Core/Src/main.c: In function 'main':
../Core/Src/main.c:270:25: error: 'counter1' undeclared (first use in this function); did you mean 'counter2'?
  270 |    updateTrafficLights(&counter1, &counter2);
      |                         ^~~~~~~~
      |                         counter2
../Core/Src/main.c:270:4: error: too many arguments to function 'updateTrafficLights'
  270 |    updateTrafficLights(&counter1, &counter2);
      |    ^~~~~~~~~~~~~~~~~~~
../Core/Src/main.c:196:6: note: declared here
  196 | void updateTrafficLights(int counter) {
      |      ^~~~~~~~~~~~~~~~~~~
../Core/Src/main.c:279:13: error: 'trafficLight1State' undeclared (first use in this function)
  279 |     switch (trafficLight1State) {
      |             ^~~~~~~~~~~~~~~~~~
../Core/Src/main.c:280:11: error: 'RED_STATE' undeclared (first use in this function)
  280 |      case RED_STATE:
      |           ^~~~~~~~~
../Core/Src/main.c:283:11: error: 'GREEN_STATE' undeclared (first use in this function)
  283 |      case GREEN_STATE:
      |           ^~~~~~~~~~~
../Core/Src/main.c:286:11: error: 'YELLOW_STATE' undeclared (first use in this function)
  286 |      case YELLOW_STATE:
      |           ^~~~~~~~~~~~
../Core/Src/main.c:294:13: error: 'trafficLight2State' undeclared (first use in this function)
  294 |     switch (trafficLight2State) {
      |             ^~~~~~~~~~~~~~~~~~
../Core/Src/main.c:264:7: warning: unused variable 'counter' [-Wunused-variable]
  264 |   int counter = RED_DURATION;
      |       ^~~~~~~
make: *** [Core/Src/subdir.mk:34: Core/Src/main.o] Error 1
"make -j12 all" terminated with exit code 2. Build might be incomplete.
09:17:50 **** Incremental Build of configuration Debug for project Lab1 ****
make -j12 all 
arm-none-eabi-gcc "../Core/Src/main.c" -mcpu=cortex-m3 -std=gnu11 -g3 -DDEBUG -DUSE_HAL_DRIVER -DSTM32F103x6 -c -I../Core/Inc -I../Drivers/STM32F1xx_HAL_Driver/Inc -I../Drivers/STM32F1xx_HAL_Driver/Inc/Legacy -I../Drivers/CMSIS/Device/ST/STM32F1xx/Include -I../Drivers/CMSIS/Include -O0 -ffunction-sections -fdata-sections -Wall -fstack-usage -MMD -MP -MF"Core/Src/main.d" -MT"Core/Src/main.o" --specs=nano.specs -mfloat-abi=soft -mthumb -o "Core/Src/main.o"
../Core/Src/main.c:1:3: error: unknown type name 'wwadwasdwqas'
    1 |   wwadwasdwqas w wawa/* USER CODE BEGIN Header */
      |   ^~~~~~~~~~~~
../Core/Src/main.c:1:18: error: expected '=', ',', ';', 'asm' or '__attribute__' before 'wawa'
    1 |   wwadwasdwqas w wawa/* USER CODE BEGIN Header */
      |                  ^~~~
In file included from ../Drivers/CMSIS/Device/ST/STM32F1xx/Include/stm32f1xx.h:128,
                 from ../Drivers/STM32F1xx_HAL_Driver/Inc/stm32f1xx_hal_def.h:29,
                 from ../Drivers/STM32F1xx_HAL_Driver/Inc/stm32f1xx_hal_rcc.h:27,
                 from ../Core/Inc/stm32f1xx_hal_conf.h:237,
                 from ../Drivers/STM32F1xx_HAL_Driver/Inc/stm32f1xx_hal.h:29,
                 from ../Core/Inc/main.h:31,
                 from ../Core/Src/main.c:21:
../Drivers/CMSIS/Device/ST/STM32F1xx/Include/stm32f103x6.h:120:3: warning: data definition has no type or storage class
  120 | } IRQn_Type;
      |   ^~~~~~~~~
../Drivers/CMSIS/Device/ST/STM32F1xx/Include/stm32f103x6.h:120:3: warning: type defaults to 'int' in declaration of 'IRQn_Type' [-Wimplicit-int]
In file included from ../Drivers/CMSIS/Device/ST/STM32F1xx/Include/stm32f103x6.h:126,
                 from ../Drivers/CMSIS/Device/ST/STM32F1xx/Include/stm32f1xx.h:128,
                 from ../Drivers/STM32F1xx_HAL_Driver/Inc/stm32f1xx_hal_def.h:29,
                 from ../Drivers/STM32F1xx_HAL_Driver/Inc/stm32f1xx_hal_rcc.h:27,
                 from ../Core/Inc/stm32f1xx_hal_conf.h:237,
                 from ../Drivers/STM32F1xx_HAL_Driver/Inc/stm32f1xx_hal.h:29,
                 from ../Core/Inc/main.h:31,
                 from ../Core/Src/main.c:21:
../Drivers/CMSIS/Include/core_cm3.h:1511:39: error: expected declaration specifiers or '...' before 'IRQn_Type'
 1511 | __STATIC_INLINE void __NVIC_EnableIRQ(IRQn_Type IRQn)
      |                                       ^~~~~~~~~
../Drivers/CMSIS/Include/core_cm3.h:1528:46: error: expected declaration specifiers or '...' before 'IRQn_Type'
 1528 | __STATIC_INLINE uint32_t __NVIC_GetEnableIRQ(IRQn_Type IRQn)
      |                                              ^~~~~~~~~
../Drivers/CMSIS/Include/core_cm3.h:1547:40: error: expected declaration specifiers or '...' before 'IRQn_Type'
 1547 | __STATIC_INLINE void __NVIC_DisableIRQ(IRQn_Type IRQn)
      |                                        ^~~~~~~~~
../Drivers/CMSIS/Include/core_cm3.h:1566:47: error: expected declaration specifiers or '...' before 'IRQn_Type'
 1566 | __STATIC_INLINE uint32_t __NVIC_GetPendingIRQ(IRQn_Type IRQn)
      |                                               ^~~~~~~~~
../Drivers/CMSIS/Include/core_cm3.h:1585:43: error: expected declaration specifiers or '...' before 'IRQn_Type'
 1585 | __STATIC_INLINE void __NVIC_SetPendingIRQ(IRQn_Type IRQn)
      |                                           ^~~~~~~~~
../Drivers/CMSIS/Include/core_cm3.h:1600:45: error: expected declaration specifiers or '...' before 'IRQn_Type'
 1600 | __STATIC_INLINE void __NVIC_ClearPendingIRQ(IRQn_Type IRQn)
      |                                             ^~~~~~~~~
../Drivers/CMSIS/Include/core_cm3.h:1617:43: error: expected declaration specifiers or '...' before 'IRQn_Type'
 1617 | __STATIC_INLINE uint32_t __NVIC_GetActive(IRQn_Type IRQn)
      |                                           ^~~~~~~~~
../Drivers/CMSIS/Include/core_cm3.h:1639:41: error: expected declaration specifiers or '...' before 'IRQn_Type'
 1639 | __STATIC_INLINE void __NVIC_SetPriority(IRQn_Type IRQn, uint32_t priority)
      |                                         ^~~~~~~~~
../Drivers/CMSIS/Include/core_cm3.h:1661:45: error: expected declaration specifiers or '...' before 'IRQn_Type'
 1661 | __STATIC_INLINE uint32_t __NVIC_GetPriority(IRQn_Type IRQn)
      |                                             ^~~~~~~~~
../Drivers/CMSIS/Include/core_cm3.h:1736:39: error: expected declaration specifiers or '...' before 'IRQn_Type'
 1736 | __STATIC_INLINE void __NVIC_SetVector(IRQn_Type IRQn, uint32_t vector)
      |                                       ^~~~~~~~~
../Drivers/CMSIS/Include/core_cm3.h:1751:43: error: expected declaration specifiers or '...' before 'IRQn_Type'
 1751 | __STATIC_INLINE uint32_t __NVIC_GetVector(IRQn_Type IRQn)
      |                                           ^~~~~~~~~
../Drivers/CMSIS/Include/core_cm3.h: In function 'SysTick_Config':
../Drivers/CMSIS/Include/core_cm3.h:1447:39: warning: implicit declaration of function '__NVIC_SetPriority'; did you mean 'NVIC_SetPriority'? [-Wimplicit-function-declaration]
 1447 |   #define NVIC_SetPriority            __NVIC_SetPriority
      |                                       ^~~~~~~~~~~~~~~~~~
../Drivers/CMSIS/Include/core_cm3.h:1842:3: note: in expansion of macro 'NVIC_SetPriority'
 1842 |   NVIC_SetPriority (SysTick_IRQn, (1UL << __NVIC_PRIO_BITS) - 1UL); /* set Priority for Systick Interrupt */
      |   ^~~~~~~~~~~~~~~~
../Drivers/CMSIS/Include/core_cm3.h:1842:21: error: 'SysTick_IRQn' undeclared (first use in this function); did you mean 'SysTick_Type'?
 1842 |   NVIC_SetPriority (SysTick_IRQn, (1UL << __NVIC_PRIO_BITS) - 1UL); /* set Priority for Systick Interrupt */
      |                     ^~~~~~~~~~~~
      |                     SysTick_Type
../Drivers/CMSIS/Include/core_cm3.h:1842:21: note: each undeclared identifier is reported only once for each function it appears in
In file included from ../Core/Inc/stm32f1xx_hal_conf.h:269,
                 from ../Drivers/STM32F1xx_HAL_Driver/Inc/stm32f1xx_hal.h:29,
                 from ../Core/Inc/main.h:31,
                 from ../Core/Src/main.c:21:
../Drivers/STM32F1xx_HAL_Driver/Inc/stm32f1xx_hal_cortex.h: At top level:
../Drivers/STM32F1xx_HAL_Driver/Inc/stm32f1xx_hal_cortex.h:262:27: error: expected declaration specifiers or '...' before 'IRQn_Type'
  262 | void HAL_NVIC_SetPriority(IRQn_Type IRQn, uint32_t PreemptPriority, uint32_t SubPriority);
      |                           ^~~~~~~~~
../Drivers/STM32F1xx_HAL_Driver/Inc/stm32f1xx_hal_cortex.h:263:25: error: expected declaration specifiers or '...' before 'IRQn_Type'
  263 | void HAL_NVIC_EnableIRQ(IRQn_Type IRQn);
      |                         ^~~~~~~~~
../Drivers/STM32F1xx_HAL_Driver/Inc/stm32f1xx_hal_cortex.h:264:26: error: expected declaration specifiers or '...' before 'IRQn_Type'
  264 | void HAL_NVIC_DisableIRQ(IRQn_Type IRQn);
      |                          ^~~~~~~~~
../Drivers/STM32F1xx_HAL_Driver/Inc/stm32f1xx_hal_cortex.h:276:27: error: expected declaration specifiers or '...' before 'IRQn_Type'
  276 | void HAL_NVIC_GetPriority(IRQn_Type IRQn, uint32_t PriorityGroup, uint32_t* pPreemptPriority, uint32_t* pSubPriority);
      |                           ^~~~~~~~~
../Drivers/STM32F1xx_HAL_Driver/Inc/stm32f1xx_hal_cortex.h:277:33: error: expected declaration specifiers or '...' before 'IRQn_Type'
  277 | uint32_t HAL_NVIC_GetPendingIRQ(IRQn_Type IRQn);
      |                                 ^~~~~~~~~
../Drivers/STM32F1xx_HAL_Driver/Inc/stm32f1xx_hal_cortex.h:278:29: error: expected declaration specifiers or '...' before 'IRQn_Type'
  278 | void HAL_NVIC_SetPendingIRQ(IRQn_Type IRQn);
      |                             ^~~~~~~~~
../Drivers/STM32F1xx_HAL_Driver/Inc/stm32f1xx_hal_cortex.h:279:31: error: expected declaration specifiers or '...' before 'IRQn_Type'
  279 | void HAL_NVIC_ClearPendingIRQ(IRQn_Type IRQn);
      |                               ^~~~~~~~~
../Drivers/STM32F1xx_HAL_Driver/Inc/stm32f1xx_hal_cortex.h:280:29: error: expected declaration specifiers or '...' before 'IRQn_Type'
  280 | uint32_t HAL_NVIC_GetActive(IRQn_Type IRQn);
      |                             ^~~~~~~~~
../Core/Src/main.c: In function 'main':
../Core/Src/main.c:270:25: error: 'counter1' undeclared (first use in this function); did you mean 'counter2'?
  270 |    updateTrafficLights(&counter1, &counter2);
      |                         ^~~~~~~~
      |                         counter2
../Core/Src/main.c:270:4: error: too many arguments to function 'updateTrafficLights'
  270 |    updateTrafficLights(&counter1, &counter2);
      |    ^~~~~~~~~~~~~~~~~~~
../Core/Src/main.c:196:6: note: declared here
  196 | void updateTrafficLights(int counter) {
      |      ^~~~~~~~~~~~~~~~~~~
../Core/Src/main.c:279:13: error: 'trafficLight1State' undeclared (first use in this function)
  279 |     switch (trafficLight1State) {
      |             ^~~~~~~~~~~~~~~~~~
../Core/Src/main.c:280:11: error: 'RED_STATE' undeclared (first use in this function)
  280 |      case RED_STATE:
      |           ^~~~~~~~~
../Core/Src/main.c:283:11: error: 'GREEN_STATE' undeclared (first use in this function)
  283 |      case GREEN_STATE:
      |           ^~~~~~~~~~~
../Core/Src/main.c:286:11: error: 'YELLOW_STATE' undeclared (first use in this function)
  286 |      case YELLOW_STATE:
      |           ^~~~~~~~~~~~
../Core/Src/main.c:294:13: error: 'trafficLight2State' undeclared (first use in this function)
  294 |     switch (trafficLight2State) {
      |             ^~~~~~~~~~~~~~~~~~
../Core/Src/main.c:264:7: warning: unused variable 'counter' [-Wunused-variable]
  264 |   int counter = RED_DURATION;
      |       ^~~~~~~
make: *** [Core/Src/subdir.mk:34: Core/Src/main.o] Error 1
"make -j12 all" terminated with exit code 2. Build might be incomplete.
09:18:19 **** Incremental Build of configuration Debug for project Lab1 ****
make -j12 all 
arm-none-eabi-gcc "../Core/Src/main.c" -mcpu=cortex-m3 -std=gnu11 -g3 -DDEBUG -DUSE_HAL_DRIVER -DSTM32F103x6 -c -I../Core/Inc -I../Drivers/STM32F1xx_HAL_Driver/Inc -I../Drivers/STM32F1xx_HAL_Driver/Inc/Legacy -I../Drivers/CMSIS/Device/ST/STM32F1xx/Include -I../Drivers/CMSIS/Include -O0 -ffunction-sections -fdata-sections -Wall -fstack-usage -MMD -MP -MF"Core/Src/main.d" -MT"Core/Src/main.o" --specs=nano.specs -mfloat-abi=soft -mthumb -o "Core/Src/main.o"
../Core/Src/main.c:1:3: error: unknown type name 'wwadwasdwqas'
    1 |   wwadwasdwqas w wawa/* USER CODE BEGIN Header */
      |   ^~~~~~~~~~~~
../Core/Src/main.c:1:18: error: expected '=', ',', ';', 'asm' or '__attribute__' before 'wawa'
    1 |   wwadwasdwqas w wawa/* USER CODE BEGIN Header */
      |                  ^~~~
In file included from ../Drivers/CMSIS/Device/ST/STM32F1xx/Include/stm32f1xx.h:128,
                 from ../Drivers/STM32F1xx_HAL_Driver/Inc/stm32f1xx_hal_def.h:29,
                 from ../Drivers/STM32F1xx_HAL_Driver/Inc/stm32f1xx_hal_rcc.h:27,
                 from ../Core/Inc/stm32f1xx_hal_conf.h:237,
                 from ../Drivers/STM32F1xx_HAL_Driver/Inc/stm32f1xx_hal.h:29,
                 from ../Core/Inc/main.h:31,
                 from ../Core/Src/main.c:21:
../Drivers/CMSIS/Device/ST/STM32F1xx/Include/stm32f103x6.h:120:3: warning: data definition has no type or storage class
  120 | } IRQn_Type;
      |   ^~~~~~~~~
../Drivers/CMSIS/Device/ST/STM32F1xx/Include/stm32f103x6.h:120:3: warning: type defaults to 'int' in declaration of 'IRQn_Type' [-Wimplicit-int]
In file included from ../Drivers/CMSIS/Device/ST/STM32F1xx/Include/stm32f103x6.h:126,
                 from ../Drivers/CMSIS/Device/ST/STM32F1xx/Include/stm32f1xx.h:128,
                 from ../Drivers/STM32F1xx_HAL_Driver/Inc/stm32f1xx_hal_def.h:29,
                 from ../Drivers/STM32F1xx_HAL_Driver/Inc/stm32f1xx_hal_rcc.h:27,
                 from ../Core/Inc/stm32f1xx_hal_conf.h:237,
                 from ../Drivers/STM32F1xx_HAL_Driver/Inc/stm32f1xx_hal.h:29,
                 from ../Core/Inc/main.h:31,
                 from ../Core/Src/main.c:21:
../Drivers/CMSIS/Include/core_cm3.h:1511:39: error: expected declaration specifiers or '...' before 'IRQn_Type'
 1511 | __STATIC_INLINE void __NVIC_EnableIRQ(IRQn_Type IRQn)
      |                                       ^~~~~~~~~
../Drivers/CMSIS/Include/core_cm3.h:1528:46: error: expected declaration specifiers or '...' before 'IRQn_Type'
 1528 | __STATIC_INLINE uint32_t __NVIC_GetEnableIRQ(IRQn_Type IRQn)
      |                                              ^~~~~~~~~
../Drivers/CMSIS/Include/core_cm3.h:1547:40: error: expected declaration specifiers or '...' before 'IRQn_Type'
 1547 | __STATIC_INLINE void __NVIC_DisableIRQ(IRQn_Type IRQn)
      |                                        ^~~~~~~~~
../Drivers/CMSIS/Include/core_cm3.h:1566:47: error: expected declaration specifiers or '...' before 'IRQn_Type'
 1566 | __STATIC_INLINE uint32_t __NVIC_GetPendingIRQ(IRQn_Type IRQn)
      |                                               ^~~~~~~~~
../Drivers/CMSIS/Include/core_cm3.h:1585:43: error: expected declaration specifiers or '...' before 'IRQn_Type'
 1585 | __STATIC_INLINE void __NVIC_SetPendingIRQ(IRQn_Type IRQn)
      |                                           ^~~~~~~~~
../Drivers/CMSIS/Include/core_cm3.h:1600:45: error: expected declaration specifiers or '...' before 'IRQn_Type'
 1600 | __STATIC_INLINE void __NVIC_ClearPendingIRQ(IRQn_Type IRQn)
      |                                             ^~~~~~~~~
../Drivers/CMSIS/Include/core_cm3.h:1617:43: error: expected declaration specifiers or '...' before 'IRQn_Type'
 1617 | __STATIC_INLINE uint32_t __NVIC_GetActive(IRQn_Type IRQn)
      |                                           ^~~~~~~~~
../Drivers/CMSIS/Include/core_cm3.h:1639:41: error: expected declaration specifiers or '...' before 'IRQn_Type'
 1639 | __STATIC_INLINE void __NVIC_SetPriority(IRQn_Type IRQn, uint32_t priority)
      |                                         ^~~~~~~~~
../Drivers/CMSIS/Include/core_cm3.h:1661:45: error: expected declaration specifiers or '...' before 'IRQn_Type'
 1661 | __STATIC_INLINE uint32_t __NVIC_GetPriority(IRQn_Type IRQn)
      |                                             ^~~~~~~~~
../Drivers/CMSIS/Include/core_cm3.h:1736:39: error: expected declaration specifiers or '...' before 'IRQn_Type'
 1736 | __STATIC_INLINE void __NVIC_SetVector(IRQn_Type IRQn, uint32_t vector)
      |                                       ^~~~~~~~~
../Drivers/CMSIS/Include/core_cm3.h:1751:43: error: expected declaration specifiers or '...' before 'IRQn_Type'
 1751 | __STATIC_INLINE uint32_t __NVIC_GetVector(IRQn_Type IRQn)
      |                                           ^~~~~~~~~
../Drivers/CMSIS/Include/core_cm3.h: In function 'SysTick_Config':
../Drivers/CMSIS/Include/core_cm3.h:1447:39: warning: implicit declaration of function '__NVIC_SetPriority'; did you mean 'NVIC_SetPriority'? [-Wimplicit-function-declaration]
 1447 |   #define NVIC_SetPriority            __NVIC_SetPriority
      |                                       ^~~~~~~~~~~~~~~~~~
../Drivers/CMSIS/Include/core_cm3.h:1842:3: note: in expansion of macro 'NVIC_SetPriority'
 1842 |   NVIC_SetPriority (SysTick_IRQn, (1UL << __NVIC_PRIO_BITS) - 1UL); /* set Priority for Systick Interrupt */
      |   ^~~~~~~~~~~~~~~~
../Drivers/CMSIS/Include/core_cm3.h:1842:21: error: 'SysTick_IRQn' undeclared (first use in this function); did you mean 'SysTick_Type'?
 1842 |   NVIC_SetPriority (SysTick_IRQn, (1UL << __NVIC_PRIO_BITS) - 1UL); /* set Priority for Systick Interrupt */
      |                     ^~~~~~~~~~~~
      |                     SysTick_Type
../Drivers/CMSIS/Include/core_cm3.h:1842:21: note: each undeclared identifier is reported only once for each function it appears in
In file included from ../Core/Inc/stm32f1xx_hal_conf.h:269,
                 from ../Drivers/STM32F1xx_HAL_Driver/Inc/stm32f1xx_hal.h:29,
                 from ../Core/Inc/main.h:31,
                 from ../Core/Src/main.c:21:
../Drivers/STM32F1xx_HAL_Driver/Inc/stm32f1xx_hal_cortex.h: At top level:
../Drivers/STM32F1xx_HAL_Driver/Inc/stm32f1xx_hal_cortex.h:262:27: error: expected declaration specifiers or '...' before 'IRQn_Type'
  262 | void HAL_NVIC_SetPriority(IRQn_Type IRQn, uint32_t PreemptPriority, uint32_t SubPriority);
      |                           ^~~~~~~~~
../Drivers/STM32F1xx_HAL_Driver/Inc/stm32f1xx_hal_cortex.h:263:25: error: expected declaration specifiers or '...' before 'IRQn_Type'
  263 | void HAL_NVIC_EnableIRQ(IRQn_Type IRQn);
      |                         ^~~~~~~~~
../Drivers/STM32F1xx_HAL_Driver/Inc/stm32f1xx_hal_cortex.h:264:26: error: expected declaration specifiers or '...' before 'IRQn_Type'
  264 | void HAL_NVIC_DisableIRQ(IRQn_Type IRQn);
      |                          ^~~~~~~~~
../Drivers/STM32F1xx_HAL_Driver/Inc/stm32f1xx_hal_cortex.h:276:27: error: expected declaration specifiers or '...' before 'IRQn_Type'
  276 | void HAL_NVIC_GetPriority(IRQn_Type IRQn, uint32_t PriorityGroup, uint32_t* pPreemptPriority, uint32_t* pSubPriority);
      |                           ^~~~~~~~~
../Drivers/STM32F1xx_HAL_Driver/Inc/stm32f1xx_hal_cortex.h:277:33: error: expected declaration specifiers or '...' before 'IRQn_Type'
  277 | uint32_t HAL_NVIC_GetPendingIRQ(IRQn_Type IRQn);
      |                                 ^~~~~~~~~
../Drivers/STM32F1xx_HAL_Driver/Inc/stm32f1xx_hal_cortex.h:278:29: error: expected declaration specifiers or '...' before 'IRQn_Type'
  278 | void HAL_NVIC_SetPendingIRQ(IRQn_Type IRQn);
      |                             ^~~~~~~~~
../Drivers/STM32F1xx_HAL_Driver/Inc/stm32f1xx_hal_cortex.h:279:31: error: expected declaration specifiers or '...' before 'IRQn_Type'
  279 | void HAL_NVIC_ClearPendingIRQ(IRQn_Type IRQn);
      |                               ^~~~~~~~~
../Drivers/STM32F1xx_HAL_Driver/Inc/stm32f1xx_hal_cortex.h:280:29: error: expected declaration specifiers or '...' before 'IRQn_Type'
  280 | uint32_t HAL_NVIC_GetActive(IRQn_Type IRQn);
      |                             ^~~~~~~~~
../Core/Src/main.c: In function 'main':
../Core/Src/main.c:270:25: error: 'counter1' undeclared (first use in this function); did you mean 'counter2'?
  270 |    updateTrafficLights(&counter1, &counter2);
      |                         ^~~~~~~~
      |                         counter2
../Core/Src/main.c:270:4: error: too many arguments to function 'updateTrafficLights'
  270 |    updateTrafficLights(&counter1, &counter2);
      |    ^~~~~~~~~~~~~~~~~~~
../Core/Src/main.c:196:6: note: declared here
  196 | void updateTrafficLights(int counter) {
      |      ^~~~~~~~~~~~~~~~~~~
../Core/Src/main.c:279:13: error: switch quantity not an integer
  279 |     switch (setTrafficLight1) {
      |             ^~~~~~~~~~~~~~~~
../Core/Src/main.c:280:11: error: 'RED_STATE' undeclared (first use in this function)
  280 |      case RED_STATE:
      |           ^~~~~~~~~
../Core/Src/main.c:283:11: error: 'GREEN_STATE' undeclared (first use in this function)
  283 |      case GREEN_STATE:
      |           ^~~~~~~~~~~
../Core/Src/main.c:286:11: error: 'YELLOW_STATE' undeclared (first use in this function)
  286 |      case YELLOW_STATE:
      |           ^~~~~~~~~~~~
../Core/Src/main.c:294:13: error: switch quantity not an integer
  294 |     switch (setTrafficLight2) {
      |             ^~~~~~~~~~~~~~~~
../Core/Src/main.c:264:7: warning: unused variable 'counter' [-Wunused-variable]
  264 |   int counter = RED_DURATION;
      |       ^~~~~~~
make: *** [Core/Src/subdir.mk:34: Core/Src/main.o] Error 1
"make -j12 all" terminated with exit code 2. Build might be incomplete.
09:22:40 **** Incremental Build of configuration Debug for project Lab1 ****
make -j12 all 
arm-none-eabi-gcc "../Core/Src/main.c" -mcpu=cortex-m3 -std=gnu11 -g3 -DDEBUG -DUSE_HAL_DRIVER -DSTM32F103x6 -c -I../Core/Inc -I../Drivers/STM32F1xx_HAL_Driver/Inc -I../Drivers/STM32F1xx_HAL_Driver/Inc/Legacy -I../Drivers/CMSIS/Device/ST/STM32F1xx/Include -I../Drivers/CMSIS/Include -O0 -ffunction-sections -fdata-sections -Wall -fstack-usage -MMD -MP -MF"Core/Src/main.d" -MT"Core/Src/main.o" --specs=nano.specs -mfloat-abi=soft -mthumb -o "Core/Src/main.o"
../Core/Src/main.c:1:3: error: unknown type name 'wwadwasdwqas'
    1 |   wwadwasdwqas w wawa/* USER CODE BEGIN Header */
      |   ^~~~~~~~~~~~
../Core/Src/main.c:1:18: error: expected '=', ',', ';', 'asm' or '__attribute__' before 'wawa'
    1 |   wwadwasdwqas w wawa/* USER CODE BEGIN Header */
      |                  ^~~~
In file included from ../Drivers/CMSIS/Device/ST/STM32F1xx/Include/stm32f1xx.h:128,
                 from ../Drivers/STM32F1xx_HAL_Driver/Inc/stm32f1xx_hal_def.h:29,
                 from ../Drivers/STM32F1xx_HAL_Driver/Inc/stm32f1xx_hal_rcc.h:27,
                 from ../Core/Inc/stm32f1xx_hal_conf.h:237,
                 from ../Drivers/STM32F1xx_HAL_Driver/Inc/stm32f1xx_hal.h:29,
                 from ../Core/Inc/main.h:31,
                 from ../Core/Src/main.c:21:
../Drivers/CMSIS/Device/ST/STM32F1xx/Include/stm32f103x6.h:120:3: warning: data definition has no type or storage class
  120 | } IRQn_Type;
      |   ^~~~~~~~~
../Drivers/CMSIS/Device/ST/STM32F1xx/Include/stm32f103x6.h:120:3: warning: type defaults to 'int' in declaration of 'IRQn_Type' [-Wimplicit-int]
In file included from ../Drivers/CMSIS/Device/ST/STM32F1xx/Include/stm32f103x6.h:126,
                 from ../Drivers/CMSIS/Device/ST/STM32F1xx/Include/stm32f1xx.h:128,
                 from ../Drivers/STM32F1xx_HAL_Driver/Inc/stm32f1xx_hal_def.h:29,
                 from ../Drivers/STM32F1xx_HAL_Driver/Inc/stm32f1xx_hal_rcc.h:27,
                 from ../Core/Inc/stm32f1xx_hal_conf.h:237,
                 from ../Drivers/STM32F1xx_HAL_Driver/Inc/stm32f1xx_hal.h:29,
                 from ../Core/Inc/main.h:31,
                 from ../Core/Src/main.c:21:
../Drivers/CMSIS/Include/core_cm3.h:1511:39: error: expected declaration specifiers or '...' before 'IRQn_Type'
 1511 | __STATIC_INLINE void __NVIC_EnableIRQ(IRQn_Type IRQn)
      |                                       ^~~~~~~~~
../Drivers/CMSIS/Include/core_cm3.h:1528:46: error: expected declaration specifiers or '...' before 'IRQn_Type'
 1528 | __STATIC_INLINE uint32_t __NVIC_GetEnableIRQ(IRQn_Type IRQn)
      |                                              ^~~~~~~~~
../Drivers/CMSIS/Include/core_cm3.h:1547:40: error: expected declaration specifiers or '...' before 'IRQn_Type'
 1547 | __STATIC_INLINE void __NVIC_DisableIRQ(IRQn_Type IRQn)
      |                                        ^~~~~~~~~
../Drivers/CMSIS/Include/core_cm3.h:1566:47: error: expected declaration specifiers or '...' before 'IRQn_Type'
 1566 | __STATIC_INLINE uint32_t __NVIC_GetPendingIRQ(IRQn_Type IRQn)
      |                                               ^~~~~~~~~
../Drivers/CMSIS/Include/core_cm3.h:1585:43: error: expected declaration specifiers or '...' before 'IRQn_Type'
 1585 | __STATIC_INLINE void __NVIC_SetPendingIRQ(IRQn_Type IRQn)
      |                                           ^~~~~~~~~
../Drivers/CMSIS/Include/core_cm3.h:1600:45: error: expected declaration specifiers or '...' before 'IRQn_Type'
 1600 | __STATIC_INLINE void __NVIC_ClearPendingIRQ(IRQn_Type IRQn)
      |                                             ^~~~~~~~~
../Drivers/CMSIS/Include/core_cm3.h:1617:43: error: expected declaration specifiers or '...' before 'IRQn_Type'
 1617 | __STATIC_INLINE uint32_t __NVIC_GetActive(IRQn_Type IRQn)
      |                                           ^~~~~~~~~
../Drivers/CMSIS/Include/core_cm3.h:1639:41: error: expected declaration specifiers or '...' before 'IRQn_Type'
 1639 | __STATIC_INLINE void __NVIC_SetPriority(IRQn_Type IRQn, uint32_t priority)
      |                                         ^~~~~~~~~
../Drivers/CMSIS/Include/core_cm3.h:1661:45: error: expected declaration specifiers or '...' before 'IRQn_Type'
 1661 | __STATIC_INLINE uint32_t __NVIC_GetPriority(IRQn_Type IRQn)
      |                                             ^~~~~~~~~
../Drivers/CMSIS/Include/core_cm3.h:1736:39: error: expected declaration specifiers or '...' before 'IRQn_Type'
 1736 | __STATIC_INLINE void __NVIC_SetVector(IRQn_Type IRQn, uint32_t vector)
      |                                       ^~~~~~~~~
../Drivers/CMSIS/Include/core_cm3.h:1751:43: error: expected declaration specifiers or '...' before 'IRQn_Type'
 1751 | __STATIC_INLINE uint32_t __NVIC_GetVector(IRQn_Type IRQn)
      |                                           ^~~~~~~~~
../Drivers/CMSIS/Include/core_cm3.h: In function 'SysTick_Config':
../Drivers/CMSIS/Include/core_cm3.h:1447:39: warning: implicit declaration of function '__NVIC_SetPriority'; did you mean 'NVIC_SetPriority'? [-Wimplicit-function-declaration]
 1447 |   #define NVIC_SetPriority            __NVIC_SetPriority
      |                                       ^~~~~~~~~~~~~~~~~~
../Drivers/CMSIS/Include/core_cm3.h:1842:3: note: in expansion of macro 'NVIC_SetPriority'
 1842 |   NVIC_SetPriority (SysTick_IRQn, (1UL << __NVIC_PRIO_BITS) - 1UL); /* set Priority for Systick Interrupt */
      |   ^~~~~~~~~~~~~~~~
../Drivers/CMSIS/Include/core_cm3.h:1842:21: error: 'SysTick_IRQn' undeclared (first use in this function); did you mean 'SysTick_Type'?
 1842 |   NVIC_SetPriority (SysTick_IRQn, (1UL << __NVIC_PRIO_BITS) - 1UL); /* set Priority for Systick Interrupt */
      |                     ^~~~~~~~~~~~
      |                     SysTick_Type
../Drivers/CMSIS/Include/core_cm3.h:1842:21: note: each undeclared identifier is reported only once for each function it appears in
In file included from ../Core/Inc/stm32f1xx_hal_conf.h:269,
                 from ../Drivers/STM32F1xx_HAL_Driver/Inc/stm32f1xx_hal.h:29,
                 from ../Core/Inc/main.h:31,
                 from ../Core/Src/main.c:21:
../Drivers/STM32F1xx_HAL_Driver/Inc/stm32f1xx_hal_cortex.h: At top level:
../Drivers/STM32F1xx_HAL_Driver/Inc/stm32f1xx_hal_cortex.h:262:27: error: expected declaration specifiers or '...' before 'IRQn_Type'
  262 | void HAL_NVIC_SetPriority(IRQn_Type IRQn, uint32_t PreemptPriority, uint32_t SubPriority);
      |                           ^~~~~~~~~
../Drivers/STM32F1xx_HAL_Driver/Inc/stm32f1xx_hal_cortex.h:263:25: error: expected declaration specifiers or '...' before 'IRQn_Type'
  263 | void HAL_NVIC_EnableIRQ(IRQn_Type IRQn);
      |                         ^~~~~~~~~
../Drivers/STM32F1xx_HAL_Driver/Inc/stm32f1xx_hal_cortex.h:264:26: error: expected declaration specifiers or '...' before 'IRQn_Type'
  264 | void HAL_NVIC_DisableIRQ(IRQn_Type IRQn);
      |                          ^~~~~~~~~
../Drivers/STM32F1xx_HAL_Driver/Inc/stm32f1xx_hal_cortex.h:276:27: error: expected declaration specifiers or '...' before 'IRQn_Type'
  276 | void HAL_NVIC_GetPriority(IRQn_Type IRQn, uint32_t PriorityGroup, uint32_t* pPreemptPriority, uint32_t* pSubPriority);
      |                           ^~~~~~~~~
../Drivers/STM32F1xx_HAL_Driver/Inc/stm32f1xx_hal_cortex.h:277:33: error: expected declaration specifiers or '...' before 'IRQn_Type'
  277 | uint32_t HAL_NVIC_GetPendingIRQ(IRQn_Type IRQn);
      |                                 ^~~~~~~~~
../Drivers/STM32F1xx_HAL_Driver/Inc/stm32f1xx_hal_cortex.h:278:29: error: expected declaration specifiers or '...' before 'IRQn_Type'
  278 | void HAL_NVIC_SetPendingIRQ(IRQn_Type IRQn);
      |                             ^~~~~~~~~
../Drivers/STM32F1xx_HAL_Driver/Inc/stm32f1xx_hal_cortex.h:279:31: error: expected declaration specifiers or '...' before 'IRQn_Type'
  279 | void HAL_NVIC_ClearPendingIRQ(IRQn_Type IRQn);
      |                               ^~~~~~~~~
../Drivers/STM32F1xx_HAL_Driver/Inc/stm32f1xx_hal_cortex.h:280:29: error: expected declaration specifiers or '...' before 'IRQn_Type'
  280 | uint32_t HAL_NVIC_GetActive(IRQn_Type IRQn);
      |                             ^~~~~~~~~
../Core/Src/main.c:196:6: error: conflicting types for 'updateTrafficLights'
  196 | void updateTrafficLights(int counter, int counter2) {
      |      ^~~~~~~~~~~~~~~~~~~
../Core/Src/main.c:62:6: note: previous declaration of 'updateTrafficLights' was here
   62 | void updateTrafficLights(int counter);
      |      ^~~~~~~~~~~~~~~~~~~
../Core/Src/main.c: In function 'updateTrafficLights':
../Core/Src/main.c:198:6: error: 'counter1' undeclared (first use in this function); did you mean 'counter2'?
  198 |  if (counter1 >= RED_DURATION) {
      |      ^~~~~~~~
      |      counter2
../Core/Src/main.c: In function 'main':
../Core/Src/main.c:276:24: error: 'counter1' undeclared (first use in this function); did you mean 'counter2'?
  276 |    updateTrafficLights(counter1, counter2);
      |                        ^~~~~~~~
      |                        counter2
../Core/Src/main.c:268:7: warning: unused variable 'counter' [-Wunused-variable]
  268 |   int counter = RED_DURATION;
      |       ^~~~~~~
make: *** [Core/Src/subdir.mk:34: Core/Src/main.o] Error 1
"make -j12 all" terminated with exit code 2. Build might be incomplete.
09:23:02 **** Incremental Build of configuration Debug for project Lab1 ****
make -j12 all 
arm-none-eabi-gcc "../Core/Src/main.c" -mcpu=cortex-m3 -std=gnu11 -g3 -DDEBUG -DUSE_HAL_DRIVER -DSTM32F103x6 -c -I../Core/Inc -I../Drivers/STM32F1xx_HAL_Driver/Inc -I../Drivers/STM32F1xx_HAL_Driver/Inc/Legacy -I../Drivers/CMSIS/Device/ST/STM32F1xx/Include -I../Drivers/CMSIS/Include -O0 -ffunction-sections -fdata-sections -Wall -fstack-usage -MMD -MP -MF"Core/Src/main.d" -MT"Core/Src/main.o" --specs=nano.specs -mfloat-abi=soft -mthumb -o "Core/Src/main.o"
../Core/Src/main.c:1:3: error: unknown type name 'wwadwasdwqas'
    1 |   wwadwasdwqas w wawa/* USER CODE BEGIN Header */
      |   ^~~~~~~~~~~~
../Core/Src/main.c:1:18: error: expected '=', ',', ';', 'asm' or '__attribute__' before 'wawa'
    1 |   wwadwasdwqas w wawa/* USER CODE BEGIN Header */
      |                  ^~~~
In file included from ../Drivers/CMSIS/Device/ST/STM32F1xx/Include/stm32f1xx.h:128,
                 from ../Drivers/STM32F1xx_HAL_Driver/Inc/stm32f1xx_hal_def.h:29,
                 from ../Drivers/STM32F1xx_HAL_Driver/Inc/stm32f1xx_hal_rcc.h:27,
                 from ../Core/Inc/stm32f1xx_hal_conf.h:237,
                 from ../Drivers/STM32F1xx_HAL_Driver/Inc/stm32f1xx_hal.h:29,
                 from ../Core/Inc/main.h:31,
                 from ../Core/Src/main.c:21:
../Drivers/CMSIS/Device/ST/STM32F1xx/Include/stm32f103x6.h:120:3: warning: data definition has no type or storage class
  120 | } IRQn_Type;
      |   ^~~~~~~~~
../Drivers/CMSIS/Device/ST/STM32F1xx/Include/stm32f103x6.h:120:3: warning: type defaults to 'int' in declaration of 'IRQn_Type' [-Wimplicit-int]
In file included from ../Drivers/CMSIS/Device/ST/STM32F1xx/Include/stm32f103x6.h:126,
                 from ../Drivers/CMSIS/Device/ST/STM32F1xx/Include/stm32f1xx.h:128,
                 from ../Drivers/STM32F1xx_HAL_Driver/Inc/stm32f1xx_hal_def.h:29,
                 from ../Drivers/STM32F1xx_HAL_Driver/Inc/stm32f1xx_hal_rcc.h:27,
                 from ../Core/Inc/stm32f1xx_hal_conf.h:237,
                 from ../Drivers/STM32F1xx_HAL_Driver/Inc/stm32f1xx_hal.h:29,
                 from ../Core/Inc/main.h:31,
                 from ../Core/Src/main.c:21:
../Drivers/CMSIS/Include/core_cm3.h:1511:39: error: expected declaration specifiers or '...' before 'IRQn_Type'
 1511 | __STATIC_INLINE void __NVIC_EnableIRQ(IRQn_Type IRQn)
      |                                       ^~~~~~~~~
../Drivers/CMSIS/Include/core_cm3.h:1528:46: error: expected declaration specifiers or '...' before 'IRQn_Type'
 1528 | __STATIC_INLINE uint32_t __NVIC_GetEnableIRQ(IRQn_Type IRQn)
      |                                              ^~~~~~~~~
../Drivers/CMSIS/Include/core_cm3.h:1547:40: error: expected declaration specifiers or '...' before 'IRQn_Type'
 1547 | __STATIC_INLINE void __NVIC_DisableIRQ(IRQn_Type IRQn)
      |                                        ^~~~~~~~~
../Drivers/CMSIS/Include/core_cm3.h:1566:47: error: expected declaration specifiers or '...' before 'IRQn_Type'
 1566 | __STATIC_INLINE uint32_t __NVIC_GetPendingIRQ(IRQn_Type IRQn)
      |                                               ^~~~~~~~~
../Drivers/CMSIS/Include/core_cm3.h:1585:43: error: expected declaration specifiers or '...' before 'IRQn_Type'
 1585 | __STATIC_INLINE void __NVIC_SetPendingIRQ(IRQn_Type IRQn)
      |                                           ^~~~~~~~~
../Drivers/CMSIS/Include/core_cm3.h:1600:45: error: expected declaration specifiers or '...' before 'IRQn_Type'
 1600 | __STATIC_INLINE void __NVIC_ClearPendingIRQ(IRQn_Type IRQn)
      |                                             ^~~~~~~~~
../Drivers/CMSIS/Include/core_cm3.h:1617:43: error: expected declaration specifiers or '...' before 'IRQn_Type'
 1617 | __STATIC_INLINE uint32_t __NVIC_GetActive(IRQn_Type IRQn)
      |                                           ^~~~~~~~~
../Drivers/CMSIS/Include/core_cm3.h:1639:41: error: expected declaration specifiers or '...' before 'IRQn_Type'
 1639 | __STATIC_INLINE void __NVIC_SetPriority(IRQn_Type IRQn, uint32_t priority)
      |                                         ^~~~~~~~~
../Drivers/CMSIS/Include/core_cm3.h:1661:45: error: expected declaration specifiers or '...' before 'IRQn_Type'
 1661 | __STATIC_INLINE uint32_t __NVIC_GetPriority(IRQn_Type IRQn)
      |                                             ^~~~~~~~~
../Drivers/CMSIS/Include/core_cm3.h:1736:39: error: expected declaration specifiers or '...' before 'IRQn_Type'
 1736 | __STATIC_INLINE void __NVIC_SetVector(IRQn_Type IRQn, uint32_t vector)
      |                                       ^~~~~~~~~
../Drivers/CMSIS/Include/core_cm3.h:1751:43: error: expected declaration specifiers or '...' before 'IRQn_Type'
 1751 | __STATIC_INLINE uint32_t __NVIC_GetVector(IRQn_Type IRQn)
      |                                           ^~~~~~~~~
../Drivers/CMSIS/Include/core_cm3.h: In function 'SysTick_Config':
../Drivers/CMSIS/Include/core_cm3.h:1447:39: warning: implicit declaration of function '__NVIC_SetPriority'; did you mean 'NVIC_SetPriority'? [-Wimplicit-function-declaration]
 1447 |   #define NVIC_SetPriority            __NVIC_SetPriority
      |                                       ^~~~~~~~~~~~~~~~~~
../Drivers/CMSIS/Include/core_cm3.h:1842:3: note: in expansion of macro 'NVIC_SetPriority'
 1842 |   NVIC_SetPriority (SysTick_IRQn, (1UL << __NVIC_PRIO_BITS) - 1UL); /* set Priority for Systick Interrupt */
      |   ^~~~~~~~~~~~~~~~
../Drivers/CMSIS/Include/core_cm3.h:1842:21: error: 'SysTick_IRQn' undeclared (first use in this function); did you mean 'SysTick_Type'?
 1842 |   NVIC_SetPriority (SysTick_IRQn, (1UL << __NVIC_PRIO_BITS) - 1UL); /* set Priority for Systick Interrupt */
      |                     ^~~~~~~~~~~~
      |                     SysTick_Type
../Drivers/CMSIS/Include/core_cm3.h:1842:21: note: each undeclared identifier is reported only once for each function it appears in
In file included from ../Core/Inc/stm32f1xx_hal_conf.h:269,
                 from ../Drivers/STM32F1xx_HAL_Driver/Inc/stm32f1xx_hal.h:29,
                 from ../Core/Inc/main.h:31,
                 from ../Core/Src/main.c:21:
../Drivers/STM32F1xx_HAL_Driver/Inc/stm32f1xx_hal_cortex.h: At top level:
../Drivers/STM32F1xx_HAL_Driver/Inc/stm32f1xx_hal_cortex.h:262:27: error: expected declaration specifiers or '...' before 'IRQn_Type'
  262 | void HAL_NVIC_SetPriority(IRQn_Type IRQn, uint32_t PreemptPriority, uint32_t SubPriority);
      |                           ^~~~~~~~~
../Drivers/STM32F1xx_HAL_Driver/Inc/stm32f1xx_hal_cortex.h:263:25: error: expected declaration specifiers or '...' before 'IRQn_Type'
  263 | void HAL_NVIC_EnableIRQ(IRQn_Type IRQn);
      |                         ^~~~~~~~~
../Drivers/STM32F1xx_HAL_Driver/Inc/stm32f1xx_hal_cortex.h:264:26: error: expected declaration specifiers or '...' before 'IRQn_Type'
  264 | void HAL_NVIC_DisableIRQ(IRQn_Type IRQn);
      |                          ^~~~~~~~~
../Drivers/STM32F1xx_HAL_Driver/Inc/stm32f1xx_hal_cortex.h:276:27: error: expected declaration specifiers or '...' before 'IRQn_Type'
  276 | void HAL_NVIC_GetPriority(IRQn_Type IRQn, uint32_t PriorityGroup, uint32_t* pPreemptPriority, uint32_t* pSubPriority);
      |                           ^~~~~~~~~
../Drivers/STM32F1xx_HAL_Driver/Inc/stm32f1xx_hal_cortex.h:277:33: error: expected declaration specifiers or '...' before 'IRQn_Type'
  277 | uint32_t HAL_NVIC_GetPendingIRQ(IRQn_Type IRQn);
      |                                 ^~~~~~~~~
../Drivers/STM32F1xx_HAL_Driver/Inc/stm32f1xx_hal_cortex.h:278:29: error: expected declaration specifiers or '...' before 'IRQn_Type'
  278 | void HAL_NVIC_SetPendingIRQ(IRQn_Type IRQn);
      |                             ^~~~~~~~~
../Drivers/STM32F1xx_HAL_Driver/Inc/stm32f1xx_hal_cortex.h:279:31: error: expected declaration specifiers or '...' before 'IRQn_Type'
  279 | void HAL_NVIC_ClearPendingIRQ(IRQn_Type IRQn);
      |                               ^~~~~~~~~
../Drivers/STM32F1xx_HAL_Driver/Inc/stm32f1xx_hal_cortex.h:280:29: error: expected declaration specifiers or '...' before 'IRQn_Type'
  280 | uint32_t HAL_NVIC_GetActive(IRQn_Type IRQn);
      |                             ^~~~~~~~~
../Core/Src/main.c:196:6: error: conflicting types for 'updateTrafficLights'
  196 | void updateTrafficLights(int counter1, int counter2) {
      |      ^~~~~~~~~~~~~~~~~~~
../Core/Src/main.c:62:6: note: previous declaration of 'updateTrafficLights' was here
   62 | void updateTrafficLights(int counter);
      |      ^~~~~~~~~~~~~~~~~~~
make: *** [Core/Src/subdir.mk:34: Core/Src/main.o] Error 1
"make -j12 all" terminated with exit code 2. Build might be incomplete.
09:24:00 **** Incremental Build of configuration Debug for project Lab1 ****
make -j12 all 
arm-none-eabi-gcc "../Core/Src/main.c" -mcpu=cortex-m3 -std=gnu11 -g3 -DDEBUG -DUSE_HAL_DRIVER -DSTM32F103x6 -c -I../Core/Inc -I../Drivers/STM32F1xx_HAL_Driver/Inc -I../Drivers/STM32F1xx_HAL_Driver/Inc/Legacy -I../Drivers/CMSIS/Device/ST/STM32F1xx/Include -I../Drivers/CMSIS/Include -O0 -ffunction-sections -fdata-sections -Wall -fstack-usage -MMD -MP -MF"Core/Src/main.d" -MT"Core/Src/main.o" --specs=nano.specs -mfloat-abi=soft -mthumb -o "Core/Src/main.o"
../Core/Src/main.c:1:3: error: unknown type name 'wwadwasdwqas'
    1 |   wwadwasdwqas w wawa/* USER CODE BEGIN Header */
      |   ^~~~~~~~~~~~
../Core/Src/main.c:1:18: error: expected '=', ',', ';', 'asm' or '__attribute__' before 'wawa'
    1 |   wwadwasdwqas w wawa/* USER CODE BEGIN Header */
      |                  ^~~~
In file included from ../Drivers/CMSIS/Device/ST/STM32F1xx/Include/stm32f1xx.h:128,
                 from ../Drivers/STM32F1xx_HAL_Driver/Inc/stm32f1xx_hal_def.h:29,
                 from ../Drivers/STM32F1xx_HAL_Driver/Inc/stm32f1xx_hal_rcc.h:27,
                 from ../Core/Inc/stm32f1xx_hal_conf.h:237,
                 from ../Drivers/STM32F1xx_HAL_Driver/Inc/stm32f1xx_hal.h:29,
                 from ../Core/Inc/main.h:31,
                 from ../Core/Src/main.c:21:
../Drivers/CMSIS/Device/ST/STM32F1xx/Include/stm32f103x6.h:120:3: warning: data definition has no type or storage class
  120 | } IRQn_Type;
      |   ^~~~~~~~~
../Drivers/CMSIS/Device/ST/STM32F1xx/Include/stm32f103x6.h:120:3: warning: type defaults to 'int' in declaration of 'IRQn_Type' [-Wimplicit-int]
In file included from ../Drivers/CMSIS/Device/ST/STM32F1xx/Include/stm32f103x6.h:126,
                 from ../Drivers/CMSIS/Device/ST/STM32F1xx/Include/stm32f1xx.h:128,
                 from ../Drivers/STM32F1xx_HAL_Driver/Inc/stm32f1xx_hal_def.h:29,
                 from ../Drivers/STM32F1xx_HAL_Driver/Inc/stm32f1xx_hal_rcc.h:27,
                 from ../Core/Inc/stm32f1xx_hal_conf.h:237,
                 from ../Drivers/STM32F1xx_HAL_Driver/Inc/stm32f1xx_hal.h:29,
                 from ../Core/Inc/main.h:31,
                 from ../Core/Src/main.c:21:
../Drivers/CMSIS/Include/core_cm3.h:1511:39: error: expected declaration specifiers or '...' before 'IRQn_Type'
 1511 | __STATIC_INLINE void __NVIC_EnableIRQ(IRQn_Type IRQn)
      |                                       ^~~~~~~~~
../Drivers/CMSIS/Include/core_cm3.h:1528:46: error: expected declaration specifiers or '...' before 'IRQn_Type'
 1528 | __STATIC_INLINE uint32_t __NVIC_GetEnableIRQ(IRQn_Type IRQn)
      |                                              ^~~~~~~~~
../Drivers/CMSIS/Include/core_cm3.h:1547:40: error: expected declaration specifiers or '...' before 'IRQn_Type'
 1547 | __STATIC_INLINE void __NVIC_DisableIRQ(IRQn_Type IRQn)
      |                                        ^~~~~~~~~
../Drivers/CMSIS/Include/core_cm3.h:1566:47: error: expected declaration specifiers or '...' before 'IRQn_Type'
 1566 | __STATIC_INLINE uint32_t __NVIC_GetPendingIRQ(IRQn_Type IRQn)
      |                                               ^~~~~~~~~
../Drivers/CMSIS/Include/core_cm3.h:1585:43: error: expected declaration specifiers or '...' before 'IRQn_Type'
 1585 | __STATIC_INLINE void __NVIC_SetPendingIRQ(IRQn_Type IRQn)
      |                                           ^~~~~~~~~
../Drivers/CMSIS/Include/core_cm3.h:1600:45: error: expected declaration specifiers or '...' before 'IRQn_Type'
 1600 | __STATIC_INLINE void __NVIC_ClearPendingIRQ(IRQn_Type IRQn)
      |                                             ^~~~~~~~~
../Drivers/CMSIS/Include/core_cm3.h:1617:43: error: expected declaration specifiers or '...' before 'IRQn_Type'
 1617 | __STATIC_INLINE uint32_t __NVIC_GetActive(IRQn_Type IRQn)
      |                                           ^~~~~~~~~
../Drivers/CMSIS/Include/core_cm3.h:1639:41: error: expected declaration specifiers or '...' before 'IRQn_Type'
 1639 | __STATIC_INLINE void __NVIC_SetPriority(IRQn_Type IRQn, uint32_t priority)
      |                                         ^~~~~~~~~
../Drivers/CMSIS/Include/core_cm3.h:1661:45: error: expected declaration specifiers or '...' before 'IRQn_Type'
 1661 | __STATIC_INLINE uint32_t __NVIC_GetPriority(IRQn_Type IRQn)
      |                                             ^~~~~~~~~
../Drivers/CMSIS/Include/core_cm3.h:1736:39: error: expected declaration specifiers or '...' before 'IRQn_Type'
 1736 | __STATIC_INLINE void __NVIC_SetVector(IRQn_Type IRQn, uint32_t vector)
      |                                       ^~~~~~~~~
../Drivers/CMSIS/Include/core_cm3.h:1751:43: error: expected declaration specifiers or '...' before 'IRQn_Type'
 1751 | __STATIC_INLINE uint32_t __NVIC_GetVector(IRQn_Type IRQn)
      |                                           ^~~~~~~~~
../Drivers/CMSIS/Include/core_cm3.h: In function 'SysTick_Config':
../Drivers/CMSIS/Include/core_cm3.h:1447:39: warning: implicit declaration of function '__NVIC_SetPriority'; did you mean 'NVIC_SetPriority'? [-Wimplicit-function-declaration]
 1447 |   #define NVIC_SetPriority            __NVIC_SetPriority
      |                                       ^~~~~~~~~~~~~~~~~~
../Drivers/CMSIS/Include/core_cm3.h:1842:3: note: in expansion of macro 'NVIC_SetPriority'
 1842 |   NVIC_SetPriority (SysTick_IRQn, (1UL << __NVIC_PRIO_BITS) - 1UL); /* set Priority for Systick Interrupt */
      |   ^~~~~~~~~~~~~~~~
../Drivers/CMSIS/Include/core_cm3.h:1842:21: error: 'SysTick_IRQn' undeclared (first use in this function); did you mean 'SysTick_Type'?
 1842 |   NVIC_SetPriority (SysTick_IRQn, (1UL << __NVIC_PRIO_BITS) - 1UL); /* set Priority for Systick Interrupt */
      |                     ^~~~~~~~~~~~
      |                     SysTick_Type
../Drivers/CMSIS/Include/core_cm3.h:1842:21: note: each undeclared identifier is reported only once for each function it appears in
In file included from ../Core/Inc/stm32f1xx_hal_conf.h:269,
                 from ../Drivers/STM32F1xx_HAL_Driver/Inc/stm32f1xx_hal.h:29,
                 from ../Core/Inc/main.h:31,
                 from ../Core/Src/main.c:21:
../Drivers/STM32F1xx_HAL_Driver/Inc/stm32f1xx_hal_cortex.h: At top level:
../Drivers/STM32F1xx_HAL_Driver/Inc/stm32f1xx_hal_cortex.h:262:27: error: expected declaration specifiers or '...' before 'IRQn_Type'
  262 | void HAL_NVIC_SetPriority(IRQn_Type IRQn, uint32_t PreemptPriority, uint32_t SubPriority);
      |                           ^~~~~~~~~
../Drivers/STM32F1xx_HAL_Driver/Inc/stm32f1xx_hal_cortex.h:263:25: error: expected declaration specifiers or '...' before 'IRQn_Type'
  263 | void HAL_NVIC_EnableIRQ(IRQn_Type IRQn);
      |                         ^~~~~~~~~
../Drivers/STM32F1xx_HAL_Driver/Inc/stm32f1xx_hal_cortex.h:264:26: error: expected declaration specifiers or '...' before 'IRQn_Type'
  264 | void HAL_NVIC_DisableIRQ(IRQn_Type IRQn);
      |                          ^~~~~~~~~
../Drivers/STM32F1xx_HAL_Driver/Inc/stm32f1xx_hal_cortex.h:276:27: error: expected declaration specifiers or '...' before 'IRQn_Type'
  276 | void HAL_NVIC_GetPriority(IRQn_Type IRQn, uint32_t PriorityGroup, uint32_t* pPreemptPriority, uint32_t* pSubPriority);
      |                           ^~~~~~~~~
../Drivers/STM32F1xx_HAL_Driver/Inc/stm32f1xx_hal_cortex.h:277:33: error: expected declaration specifiers or '...' before 'IRQn_Type'
  277 | uint32_t HAL_NVIC_GetPendingIRQ(IRQn_Type IRQn);
      |                                 ^~~~~~~~~
../Drivers/STM32F1xx_HAL_Driver/Inc/stm32f1xx_hal_cortex.h:278:29: error: expected declaration specifiers or '...' before 'IRQn_Type'
  278 | void HAL_NVIC_SetPendingIRQ(IRQn_Type IRQn);
      |                             ^~~~~~~~~
../Drivers/STM32F1xx_HAL_Driver/Inc/stm32f1xx_hal_cortex.h:279:31: error: expected declaration specifiers or '...' before 'IRQn_Type'
  279 | void HAL_NVIC_ClearPendingIRQ(IRQn_Type IRQn);
      |                               ^~~~~~~~~
../Drivers/STM32F1xx_HAL_Driver/Inc/stm32f1xx_hal_cortex.h:280:29: error: expected declaration specifiers or '...' before 'IRQn_Type'
  280 | uint32_t HAL_NVIC_GetActive(IRQn_Type IRQn);
      |                             ^~~~~~~~~
make: *** [Core/Src/subdir.mk:34: Core/Src/main.o] Error 1
"make -j12 all" terminated with exit code 2. Build might be incomplete.
09:25:06 **** Incremental Build of configuration Debug for project Lab1 ****
make -j12 all 
arm-none-eabi-gcc "../Core/Src/main.c" -mcpu=cortex-m3 -std=gnu11 -g3 -DDEBUG -DUSE_HAL_DRIVER -DSTM32F103x6 -c -I../Core/Inc -I../Drivers/STM32F1xx_HAL_Driver/Inc -I../Drivers/STM32F1xx_HAL_Driver/Inc/Legacy -I../Drivers/CMSIS/Device/ST/STM32F1xx/Include -I../Drivers/CMSIS/Include -O0 -ffunction-sections -fdata-sections -Wall -fstack-usage -MMD -MP -MF"Core/Src/main.d" -MT"Core/Src/main.o" --specs=nano.specs -mfloat-abi=soft -mthumb -o "Core/Src/main.o"
../Core/Src/main.c:1:3: error: unknown type name 'wwadwasdwqas'
    1 |   wwadwasdwqas w wawa/* USER CODE BEGIN Header */
      |   ^~~~~~~~~~~~
../Core/Src/main.c:1:18: error: expected '=', ',', ';', 'asm' or '__attribute__' before 'wawa'
    1 |   wwadwasdwqas w wawa/* USER CODE BEGIN Header */
      |                  ^~~~
In file included from ../Drivers/CMSIS/Device/ST/STM32F1xx/Include/stm32f1xx.h:128,
                 from ../Drivers/STM32F1xx_HAL_Driver/Inc/stm32f1xx_hal_def.h:29,
                 from ../Drivers/STM32F1xx_HAL_Driver/Inc/stm32f1xx_hal_rcc.h:27,
                 from ../Core/Inc/stm32f1xx_hal_conf.h:237,
                 from ../Drivers/STM32F1xx_HAL_Driver/Inc/stm32f1xx_hal.h:29,
                 from ../Core/Inc/main.h:31,
                 from ../Core/Src/main.c:21:
../Drivers/CMSIS/Device/ST/STM32F1xx/Include/stm32f103x6.h:120:3: warning: data definition has no type or storage class
  120 | } IRQn_Type;
      |   ^~~~~~~~~
../Drivers/CMSIS/Device/ST/STM32F1xx/Include/stm32f103x6.h:120:3: warning: type defaults to 'int' in declaration of 'IRQn_Type' [-Wimplicit-int]
In file included from ../Drivers/CMSIS/Device/ST/STM32F1xx/Include/stm32f103x6.h:126,
                 from ../Drivers/CMSIS/Device/ST/STM32F1xx/Include/stm32f1xx.h:128,
                 from ../Drivers/STM32F1xx_HAL_Driver/Inc/stm32f1xx_hal_def.h:29,
                 from ../Drivers/STM32F1xx_HAL_Driver/Inc/stm32f1xx_hal_rcc.h:27,
                 from ../Core/Inc/stm32f1xx_hal_conf.h:237,
                 from ../Drivers/STM32F1xx_HAL_Driver/Inc/stm32f1xx_hal.h:29,
                 from ../Core/Inc/main.h:31,
                 from ../Core/Src/main.c:21:
../Drivers/CMSIS/Include/core_cm3.h:1511:39: error: expected declaration specifiers or '...' before 'IRQn_Type'
 1511 | __STATIC_INLINE void __NVIC_EnableIRQ(IRQn_Type IRQn)
      |                                       ^~~~~~~~~
../Drivers/CMSIS/Include/core_cm3.h:1528:46: error: expected declaration specifiers or '...' before 'IRQn_Type'
 1528 | __STATIC_INLINE uint32_t __NVIC_GetEnableIRQ(IRQn_Type IRQn)
      |                                              ^~~~~~~~~
../Drivers/CMSIS/Include/core_cm3.h:1547:40: error: expected declaration specifiers or '...' before 'IRQn_Type'
 1547 | __STATIC_INLINE void __NVIC_DisableIRQ(IRQn_Type IRQn)
      |                                        ^~~~~~~~~
../Drivers/CMSIS/Include/core_cm3.h:1566:47: error: expected declaration specifiers or '...' before 'IRQn_Type'
 1566 | __STATIC_INLINE uint32_t __NVIC_GetPendingIRQ(IRQn_Type IRQn)
      |                                               ^~~~~~~~~
../Drivers/CMSIS/Include/core_cm3.h:1585:43: error: expected declaration specifiers or '...' before 'IRQn_Type'
 1585 | __STATIC_INLINE void __NVIC_SetPendingIRQ(IRQn_Type IRQn)
      |                                           ^~~~~~~~~
../Drivers/CMSIS/Include/core_cm3.h:1600:45: error: expected declaration specifiers or '...' before 'IRQn_Type'
 1600 | __STATIC_INLINE void __NVIC_ClearPendingIRQ(IRQn_Type IRQn)
      |                                             ^~~~~~~~~
../Drivers/CMSIS/Include/core_cm3.h:1617:43: error: expected declaration specifiers or '...' before 'IRQn_Type'
 1617 | __STATIC_INLINE uint32_t __NVIC_GetActive(IRQn_Type IRQn)
      |                                           ^~~~~~~~~
../Drivers/CMSIS/Include/core_cm3.h:1639:41: error: expected declaration specifiers or '...' before 'IRQn_Type'
 1639 | __STATIC_INLINE void __NVIC_SetPriority(IRQn_Type IRQn, uint32_t priority)
      |                                         ^~~~~~~~~
../Drivers/CMSIS/Include/core_cm3.h:1661:45: error: expected declaration specifiers or '...' before 'IRQn_Type'
 1661 | __STATIC_INLINE uint32_t __NVIC_GetPriority(IRQn_Type IRQn)
      |                                             ^~~~~~~~~
../Drivers/CMSIS/Include/core_cm3.h:1736:39: error: expected declaration specifiers or '...' before 'IRQn_Type'
 1736 | __STATIC_INLINE void __NVIC_SetVector(IRQn_Type IRQn, uint32_t vector)
      |                                       ^~~~~~~~~
../Drivers/CMSIS/Include/core_cm3.h:1751:43: error: expected declaration specifiers or '...' before 'IRQn_Type'
 1751 | __STATIC_INLINE uint32_t __NVIC_GetVector(IRQn_Type IRQn)
      |                                           ^~~~~~~~~
../Drivers/CMSIS/Include/core_cm3.h: In function 'SysTick_Config':
../Drivers/CMSIS/Include/core_cm3.h:1447:39: warning: implicit declaration of function '__NVIC_SetPriority'; did you mean 'NVIC_SetPriority'? [-Wimplicit-function-declaration]
 1447 |   #define NVIC_SetPriority            __NVIC_SetPriority
      |                                       ^~~~~~~~~~~~~~~~~~
../Drivers/CMSIS/Include/core_cm3.h:1842:3: note: in expansion of macro 'NVIC_SetPriority'
 1842 |   NVIC_SetPriority (SysTick_IRQn, (1UL << __NVIC_PRIO_BITS) - 1UL); /* set Priority for Systick Interrupt */
      |   ^~~~~~~~~~~~~~~~
../Drivers/CMSIS/Include/core_cm3.h:1842:21: error: 'SysTick_IRQn' undeclared (first use in this function); did you mean 'SysTick_Type'?
 1842 |   NVIC_SetPriority (SysTick_IRQn, (1UL << __NVIC_PRIO_BITS) - 1UL); /* set Priority for Systick Interrupt */
      |                     ^~~~~~~~~~~~
      |                     SysTick_Type
../Drivers/CMSIS/Include/core_cm3.h:1842:21: note: each undeclared identifier is reported only once for each function it appears in
In file included from ../Core/Inc/stm32f1xx_hal_conf.h:269,
                 from ../Drivers/STM32F1xx_HAL_Driver/Inc/stm32f1xx_hal.h:29,
                 from ../Core/Inc/main.h:31,
                 from ../Core/Src/main.c:21:
../Drivers/STM32F1xx_HAL_Driver/Inc/stm32f1xx_hal_cortex.h: At top level:
../Drivers/STM32F1xx_HAL_Driver/Inc/stm32f1xx_hal_cortex.h:262:27: error: expected declaration specifiers or '...' before 'IRQn_Type'
  262 | void HAL_NVIC_SetPriority(IRQn_Type IRQn, uint32_t PreemptPriority, uint32_t SubPriority);
      |                           ^~~~~~~~~
../Drivers/STM32F1xx_HAL_Driver/Inc/stm32f1xx_hal_cortex.h:263:25: error: expected declaration specifiers or '...' before 'IRQn_Type'
  263 | void HAL_NVIC_EnableIRQ(IRQn_Type IRQn);
      |                         ^~~~~~~~~
../Drivers/STM32F1xx_HAL_Driver/Inc/stm32f1xx_hal_cortex.h:264:26: error: expected declaration specifiers or '...' before 'IRQn_Type'
  264 | void HAL_NVIC_DisableIRQ(IRQn_Type IRQn);
      |                          ^~~~~~~~~
../Drivers/STM32F1xx_HAL_Driver/Inc/stm32f1xx_hal_cortex.h:276:27: error: expected declaration specifiers or '...' before 'IRQn_Type'
  276 | void HAL_NVIC_GetPriority(IRQn_Type IRQn, uint32_t PriorityGroup, uint32_t* pPreemptPriority, uint32_t* pSubPriority);
      |                           ^~~~~~~~~
../Drivers/STM32F1xx_HAL_Driver/Inc/stm32f1xx_hal_cortex.h:277:33: error: expected declaration specifiers or '...' before 'IRQn_Type'
  277 | uint32_t HAL_NVIC_GetPendingIRQ(IRQn_Type IRQn);
      |                                 ^~~~~~~~~
../Drivers/STM32F1xx_HAL_Driver/Inc/stm32f1xx_hal_cortex.h:278:29: error: expected declaration specifiers or '...' before 'IRQn_Type'
  278 | void HAL_NVIC_SetPendingIRQ(IRQn_Type IRQn);
      |                             ^~~~~~~~~
../Drivers/STM32F1xx_HAL_Driver/Inc/stm32f1xx_hal_cortex.h:279:31: error: expected declaration specifiers or '...' before 'IRQn_Type'
  279 | void HAL_NVIC_ClearPendingIRQ(IRQn_Type IRQn);
      |                               ^~~~~~~~~
../Drivers/STM32F1xx_HAL_Driver/Inc/stm32f1xx_hal_cortex.h:280:29: error: expected declaration specifiers or '...' before 'IRQn_Type'
  280 | uint32_t HAL_NVIC_GetActive(IRQn_Type IRQn);
      |                             ^~~~~~~~~
make: *** [Core/Src/subdir.mk:34: Core/Src/main.o] Error 1
"make -j12 all" terminated with exit code 2. Build might be incomplete.
09:25:32 **** Incremental Build of configuration Debug for project Lab1 ****
make -j12 all 
arm-none-eabi-gcc "../Core/Src/main.c" -mcpu=cortex-m3 -std=gnu11 -g3 -DDEBUG -DUSE_HAL_DRIVER -DSTM32F103x6 -c -I../Core/Inc -I../Drivers/STM32F1xx_HAL_Driver/Inc -I../Drivers/STM32F1xx_HAL_Driver/Inc/Legacy -I../Drivers/CMSIS/Device/ST/STM32F1xx/Include -I../Drivers/CMSIS/Include -O0 -ffunction-sections -fdata-sections -Wall -fstack-usage -MMD -MP -MF"Core/Src/main.d" -MT"Core/Src/main.o" --specs=nano.specs -mfloat-abi=soft -mthumb -o "Core/Src/main.o"
arm-none-eabi-gcc -o "Lab1.elf" @"objects.list"   -mcpu=cortex-m3 -T"G:\Study\ViXuLy\BeforeGit\Lab1\STM32F103C6UX_FLASH.ld" --specs=nosys.specs -Wl,-Map="Lab1.map" -Wl,--gc-sections -static --specs=nano.specs -mfloat-abi=soft -mthumb -Wl,--start-group -lc -lm -Wl,--end-group
Finished building target: Lab1.elf
 
arm-none-eabi-size   Lab1.elf 
arm-none-eabi-objdump -h -S  Lab1.elf  > "Lab1.list"
arm-none-eabi-objcopy  -O ihex  Lab1.elf  "Lab1.hex"
arm-none-eabi-objcopy  -O binary  Lab1.elf  "Lab1.bin"
   text	   data	    bss	    dec	    hex	filename
   5688	     20	   1572	   7280	   1c70	Lab1.elf
Finished building: default.size.stdout
 
Finished building: Lab1.bin
Finished building: Lab1.hex
 
 
Finished building: Lab1.list
 
09:27:12 **** Incremental Build of configuration Debug for project Lab1 ****
make -j12 all 
arm-none-eabi-gcc "../Core/Src/main.c" -mcpu=cortex-m3 -std=gnu11 -g3 -DDEBUG -DUSE_HAL_DRIVER -DSTM32F103x6 -c -I../Core/Inc -I../Drivers/STM32F1xx_HAL_Driver/Inc -I../Drivers/STM32F1xx_HAL_Driver/Inc/Legacy -I../Drivers/CMSIS/Device/ST/STM32F1xx/Include -I../Drivers/CMSIS/Include -O0 -ffunction-sections -fdata-sections -Wall -fstack-usage -MMD -MP -MF"Core/Src/main.d" -MT"Core/Src/main.o" --specs=nano.specs -mfloat-abi=soft -mthumb -o "Core/Src/main.o"
arm-none-eabi-gcc -o "Lab1.elf" @"objects.list"   -mcpu=cortex-m3 -T"G:\Study\ViXuLy\BeforeGit\Lab1\STM32F103C6UX_FLASH.ld" --specs=nosys.specs -Wl,-Map="Lab1.map" -Wl,--gc-sections -static --specs=nano.specs -mfloat-abi=soft -mthumb -Wl,--start-group -lc -lm -Wl,--end-group
Finished building target: Lab1.elf
 
arm-none-eabi-size   Lab1.elf 
arm-none-eabi-objdump -h -S  Lab1.elf  > "Lab1.list"
arm-none-eabi-objcopy  -O ihex  Lab1.elf  "Lab1.hex"
   text	   data	    bss	    dec	    hex	filename
   5676	     20	   1572	   7268	   1c64	Lab1.elf
arm-none-eabi-objcopy  -O binary  Lab1.elf  "Lab1.bin"
Finished building: default.size.stdout
 
Finished building: Lab1.hex
Finished building: Lab1.bin
 
Finished building: Lab1.list
 
 
09:36:51 **** Incremental Build of configuration Debug for project Lab1 ****
make -j12 all 
arm-none-eabi-gcc "../Core/Src/main.c" -mcpu=cortex-m3 -std=gnu11 -g3 -DDEBUG -DUSE_HAL_DRIVER -DSTM32F103x6 -c -I../Core/Inc -I../Drivers/STM32F1xx_HAL_Driver/Inc -I../Drivers/STM32F1xx_HAL_Driver/Inc/Legacy -I../Drivers/CMSIS/Device/ST/STM32F1xx/Include -I../Drivers/CMSIS/Include -O0 -ffunction-sections -fdata-sections -Wall -fstack-usage -MMD -MP -MF"Core/Src/main.d" -MT"Core/Src/main.o" --specs=nano.specs -mfloat-abi=soft -mthumb -o "Core/Src/main.o"
arm-none-eabi-gcc -o "Lab1.elf" @"objects.list"   -mcpu=cortex-m3 -T"G:\Study\ViXuLy\BeforeGit\Lab1\STM32F103C6UX_FLASH.ld" --specs=nosys.specs -Wl,-Map="Lab1.map" -Wl,--gc-sections -static --specs=nano.specs -mfloat-abi=soft -mthumb -Wl,--start-group -lc -lm -Wl,--end-group
Finished building target: Lab1.elf
 
arm-none-eabi-size   Lab1.elf 
arm-none-eabi-objdump -h -S  Lab1.elf  > "Lab1.list"
arm-none-eabi-objcopy  -O ihex  Lab1.elf  "Lab1.hex"
   text	   data	    bss	    dec	    hex	filename
   5732	     20	   1572	   7324	   1c9c	Lab1.elf
arm-none-eabi-objcopy  -O binary  Lab1.elf  "Lab1.bin"
Finished building: default.size.stdout
 
Finished building: Lab1.hex
Finished building: Lab1.bin
 
Finished building: Lab1.list
 
 
09:39:13 **** Incremental Build of configuration Debug for project Lab1 ****
make -j12 all 
arm-none-eabi-gcc "../Core/Src/main.c" -mcpu=cortex-m3 -std=gnu11 -g3 -DDEBUG -DUSE_HAL_DRIVER -DSTM32F103x6 -c -I../Core/Inc -I../Drivers/STM32F1xx_HAL_Driver/Inc -I../Drivers/STM32F1xx_HAL_Driver/Inc/Legacy -I../Drivers/CMSIS/Device/ST/STM32F1xx/Include -I../Drivers/CMSIS/Include -O0 -ffunction-sections -fdata-sections -Wall -fstack-usage -MMD -MP -MF"Core/Src/main.d" -MT"Core/Src/main.o" --specs=nano.specs -mfloat-abi=soft -mthumb -o "Core/Src/main.o"
arm-none-eabi-gcc -o "Lab1.elf" @"objects.list"   -mcpu=cortex-m3 -T"G:\Study\ViXuLy\BeforeGit\Lab1\STM32F103C6UX_FLASH.ld" --specs=nosys.specs -Wl,-Map="Lab1.map" -Wl,--gc-sections -static --specs=nano.specs -mfloat-abi=soft -mthumb -Wl,--start-group -lc -lm -Wl,--end-group
Finished building target: Lab1.elf
 
arm-none-eabi-size   Lab1.elf 
arm-none-eabi-objdump -h -S  Lab1.elf  > "Lab1.list"
arm-none-eabi-objcopy  -O ihex  Lab1.elf  "Lab1.hex"
   text	   data	    bss	    dec	    hex	filename
   5732	     20	   1572	   7324	   1c9c	Lab1.elf
arm-none-eabi-objcopy  -O binary  Lab1.elf  "Lab1.bin"
Finished building: default.size.stdout
 
Finished building: Lab1.hex
Finished building: Lab1.bin
 
 
Finished building: Lab1.list
 
09:42:36 **** Incremental Build of configuration Debug for project Lab1 ****
make -j12 all 
arm-none-eabi-gcc "../Core/Src/main.c" -mcpu=cortex-m3 -std=gnu11 -g3 -DDEBUG -DUSE_HAL_DRIVER -DSTM32F103x6 -c -I../Core/Inc -I../Drivers/STM32F1xx_HAL_Driver/Inc -I../Drivers/STM32F1xx_HAL_Driver/Inc/Legacy -I../Drivers/CMSIS/Device/ST/STM32F1xx/Include -I../Drivers/CMSIS/Include -O0 -ffunction-sections -fdata-sections -Wall -fstack-usage -MMD -MP -MF"Core/Src/main.d" -MT"Core/Src/main.o" --specs=nano.specs -mfloat-abi=soft -mthumb -o "Core/Src/main.o"
arm-none-eabi-gcc -o "Lab1.elf" @"objects.list"   -mcpu=cortex-m3 -T"G:\Study\ViXuLy\BeforeGit\Lab1\STM32F103C6UX_FLASH.ld" --specs=nosys.specs -Wl,-Map="Lab1.map" -Wl,--gc-sections -static --specs=nano.specs -mfloat-abi=soft -mthumb -Wl,--start-group -lc -lm -Wl,--end-group
Finished building target: Lab1.elf
 
arm-none-eabi-size   Lab1.elf 
arm-none-eabi-objdump -h -S  Lab1.elf  > "Lab1.list"
arm-none-eabi-objcopy  -O ihex  Lab1.elf  "Lab1.hex"
   text	   data	    bss	    dec	    hex	filename
   5744	     20	   1572	   7336	   1ca8	Lab1.elf
arm-none-eabi-objcopy  -O binary  Lab1.elf  "Lab1.bin"
Finished building: default.size.stdout
 
Finished building: Lab1.hex
Finished building: Lab1.bin
 
 
Finished building: Lab1.list
 
09:59:11 **** Incremental Build of configuration Debug for project Lab1 ****
make -j12 all 
arm-none-eabi-gcc "../Core/Src/main.c" -mcpu=cortex-m3 -std=gnu11 -g3 -DDEBUG -DUSE_HAL_DRIVER -DSTM32F103x6 -c -I../Core/Inc -I../Drivers/STM32F1xx_HAL_Driver/Inc -I../Drivers/STM32F1xx_HAL_Driver/Inc/Legacy -I../Drivers/CMSIS/Device/ST/STM32F1xx/Include -I../Drivers/CMSIS/Include -O0 -ffunction-sections -fdata-sections -Wall -fstack-usage -MMD -MP -MF"Core/Src/main.d" -MT"Core/Src/main.o" --specs=nano.specs -mfloat-abi=soft -mthumb -o "Core/Src/main.o"
arm-none-eabi-gcc -o "Lab1.elf" @"objects.list"   -mcpu=cortex-m3 -T"G:\Study\ViXuLy\BeforeGit\Lab1\STM32F103C6UX_FLASH.ld" --specs=nosys.specs -Wl,-Map="Lab1.map" -Wl,--gc-sections -static --specs=nano.specs -mfloat-abi=soft -mthumb -Wl,--start-group -lc -lm -Wl,--end-group
Finished building target: Lab1.elf
 
arm-none-eabi-size   Lab1.elf 
arm-none-eabi-objdump -h -S  Lab1.elf  > "Lab1.list"
arm-none-eabi-objcopy  -O ihex  Lab1.elf  "Lab1.hex"
arm-none-eabi-objcopy  -O binary  Lab1.elf  "Lab1.bin"
   text	   data	    bss	    dec	    hex	filename
   5836	     20	   1572	   7428	   1d04	Lab1.elf
Finished building: default.size.stdout
 
Finished building: Lab1.bin
Finished building: Lab1.hex
 
 
Finished building: Lab1.list
 
10:00:24 **** Incremental Build of configuration Debug for project Lab1 ****
make -j12 all 
arm-none-eabi-gcc "../Core/Src/main.c" -mcpu=cortex-m3 -std=gnu11 -g3 -DDEBUG -DUSE_HAL_DRIVER -DSTM32F103x6 -c -I../Core/Inc -I../Drivers/STM32F1xx_HAL_Driver/Inc -I../Drivers/STM32F1xx_HAL_Driver/Inc/Legacy -I../Drivers/CMSIS/Device/ST/STM32F1xx/Include -I../Drivers/CMSIS/Include -O0 -ffunction-sections -fdata-sections -Wall -fstack-usage -MMD -MP -MF"Core/Src/main.d" -MT"Core/Src/main.o" --specs=nano.specs -mfloat-abi=soft -mthumb -o "Core/Src/main.o"
arm-none-eabi-gcc -o "Lab1.elf" @"objects.list"   -mcpu=cortex-m3 -T"G:\Study\ViXuLy\BeforeGit\Lab1\STM32F103C6UX_FLASH.ld" --specs=nosys.specs -Wl,-Map="Lab1.map" -Wl,--gc-sections -static --specs=nano.specs -mfloat-abi=soft -mthumb -Wl,--start-group -lc -lm -Wl,--end-group
Finished building target: Lab1.elf
 
arm-none-eabi-size   Lab1.elf 
arm-none-eabi-objdump -h -S  Lab1.elf  > "Lab1.list"
arm-none-eabi-objcopy  -O ihex  Lab1.elf  "Lab1.hex"
arm-none-eabi-objcopy  -O binary  Lab1.elf  "Lab1.bin"
   text	   data	    bss	    dec	    hex	filename
   5828	     20	   1572	   7420	   1cfc	Lab1.elf
Finished building: default.size.stdout
 
Finished building: Lab1.hex
Finished building: Lab1.bin
 
Finished building: Lab1.list
 
 
10:15:21 **** Incremental Build of configuration Debug for project Lab1 ****
make -j12 all 
arm-none-eabi-gcc "../Core/Src/main.c" -mcpu=cortex-m3 -std=gnu11 -g3 -DDEBUG -DUSE_HAL_DRIVER -DSTM32F103x6 -c -I../Core/Inc -I../Drivers/STM32F1xx_HAL_Driver/Inc -I../Drivers/STM32F1xx_HAL_Driver/Inc/Legacy -I../Drivers/CMSIS/Device/ST/STM32F1xx/Include -I../Drivers/CMSIS/Include -O0 -ffunction-sections -fdata-sections -Wall -fstack-usage -MMD -MP -MF"Core/Src/main.d" -MT"Core/Src/main.o" --specs=nano.specs -mfloat-abi=soft -mthumb -o "Core/Src/main.o"
../Core/Src/main.c: In function 'updateTrafficLights':
../Core/Src/main.c:234:13: error: invalid storage class for function 'MX_GPIO_Init'
  234 | static void MX_GPIO_Init(void);
      |             ^~~~~~~~~~~~
../Core/Src/main.c:249:5: warning: 'main' is normally a non-static function [-Wmain]
  249 | int main(void)
      |     ^~~~
../Core/Src/main.c: In function 'main':
../Core/Src/main.c:272:3: warning: implicit declaration of function 'MX_GPIO_Init'; did you mean 'HAL_GPIO_Init'? [-Wimplicit-function-declaration]
  272 |   MX_GPIO_Init();
      |   ^~~~~~~~~~~~
      |   HAL_GPIO_Init
../Core/Src/main.c: In function 'updateTrafficLights':
../Core/Src/main.c:332:6: error: static declaration of 'SystemClock_Config' follows non-static declaration
  332 | void SystemClock_Config(void)
      |      ^~~~~~~~~~~~~~~~~~
../Core/Src/main.c:233:6: note: previous declaration of 'SystemClock_Config' was here
  233 | void SystemClock_Config(void);
      |      ^~~~~~~~~~~~~~~~~~
../Core/Src/main.c:368:13: error: invalid storage class for function 'MX_GPIO_Init'
  368 | static void MX_GPIO_Init(void)
      |             ^~~~~~~~~~~~
../Core/Src/main.c:427:1: error: expected declaration or statement at end of input
  427 | }
      | ^
At top level:
../Core/Src/main.c:418:6: warning: 'Error_Handler' defined but not used [-Wunused-function]
  418 | void Error_Handler(void)
      |      ^~~~~~~~~~~~~
../Core/Src/main.c:368:13: warning: 'MX_GPIO_Init' defined but not used [-Wunused-function]
  368 | static void MX_GPIO_Init(void)
      |             ^~~~~~~~~~~~
../Core/Src/main.c:332:6: warning: 'SystemClock_Config' defined but not used [-Wunused-function]
  332 | void SystemClock_Config(void)
      |      ^~~~~~~~~~~~~~~~~~
../Core/Src/main.c:249:5: warning: 'main' defined but not used [-Wunused-function]
  249 | int main(void)
      |     ^~~~
make: *** [Core/Src/subdir.mk:34: Core/Src/main.o] Error 1
"make -j12 all" terminated with exit code 2. Build might be incomplete.
10:16:01 **** Incremental Build of configuration Debug for project Lab1 ****
make -j12 all 
arm-none-eabi-gcc "../Core/Src/main.c" -mcpu=cortex-m3 -std=gnu11 -g3 -DDEBUG -DUSE_HAL_DRIVER -DSTM32F103x6 -c -I../Core/Inc -I../Drivers/STM32F1xx_HAL_Driver/Inc -I../Drivers/STM32F1xx_HAL_Driver/Inc/Legacy -I../Drivers/CMSIS/Device/ST/STM32F1xx/Include -I../Drivers/CMSIS/Include -O0 -ffunction-sections -fdata-sections -Wall -fstack-usage -MMD -MP -MF"Core/Src/main.d" -MT"Core/Src/main.o" --specs=nano.specs -mfloat-abi=soft -mthumb -o "Core/Src/main.o"
arm-none-eabi-gcc -o "Lab1.elf" @"objects.list"   -mcpu=cortex-m3 -T"G:\Study\ViXuLy\BeforeGit\Lab1\STM32F103C6UX_FLASH.ld" --specs=nosys.specs -Wl,-Map="Lab1.map" -Wl,--gc-sections -static --specs=nano.specs -mfloat-abi=soft -mthumb -Wl,--start-group -lc -lm -Wl,--end-group
Finished building target: Lab1.elf
 
arm-none-eabi-size   Lab1.elf 
arm-none-eabi-objdump -h -S  Lab1.elf  > "Lab1.list"
arm-none-eabi-objcopy  -O ihex  Lab1.elf  "Lab1.hex"
arm-none-eabi-objcopy  -O binary  Lab1.elf  "Lab1.bin"
   text	   data	    bss	    dec	    hex	filename
   5828	     20	   1572	   7420	   1cfc	Lab1.elf
Finished building: default.size.stdout
 
Finished building: Lab1.bin
Finished building: Lab1.hex
 
Finished building: Lab1.list
 
 
10:19:32 **** Incremental Build of configuration Debug for project Lab1 ****
make -j12 all 
arm-none-eabi-gcc "../Core/Src/main.c" -mcpu=cortex-m3 -std=gnu11 -g3 -DDEBUG -DUSE_HAL_DRIVER -DSTM32F103x6 -c -I../Core/Inc -I../Drivers/STM32F1xx_HAL_Driver/Inc -I../Drivers/STM32F1xx_HAL_Driver/Inc/Legacy -I../Drivers/CMSIS/Device/ST/STM32F1xx/Include -I../Drivers/CMSIS/Include -O0 -ffunction-sections -fdata-sections -Wall -fstack-usage -MMD -MP -MF"Core/Src/main.d" -MT"Core/Src/main.o" --specs=nano.specs -mfloat-abi=soft -mthumb -o "Core/Src/main.o"
arm-none-eabi-gcc -o "Lab1.elf" @"objects.list"   -mcpu=cortex-m3 -T"G:\Study\ViXuLy\BeforeGit\Lab1\STM32F103C6UX_FLASH.ld" --specs=nosys.specs -Wl,-Map="Lab1.map" -Wl,--gc-sections -static --specs=nano.specs -mfloat-abi=soft -mthumb -Wl,--start-group -lc -lm -Wl,--end-group
Finished building target: Lab1.elf
 
arm-none-eabi-size   Lab1.elf 
arm-none-eabi-objdump -h -S  Lab1.elf  > "Lab1.list"
arm-none-eabi-objcopy  -O ihex  Lab1.elf  "Lab1.hex"
   text	   data	    bss	    dec	    hex	filename
   5828	     20	   1572	   7420	   1cfc	Lab1.elf
arm-none-eabi-objcopy  -O binary  Lab1.elf  "Lab1.bin"
Finished building: default.size.stdout
 
Finished building: Lab1.hex
Finished building: Lab1.bin
 
Finished building: Lab1.list
 
 
10:20:12 **** Incremental Build of configuration Debug for project Lab1 ****
make -j12 all 
arm-none-eabi-gcc "../Core/Src/main.c" -mcpu=cortex-m3 -std=gnu11 -g3 -DDEBUG -DUSE_HAL_DRIVER -DSTM32F103x6 -c -I../Core/Inc -I../Drivers/STM32F1xx_HAL_Driver/Inc -I../Drivers/STM32F1xx_HAL_Driver/Inc/Legacy -I../Drivers/CMSIS/Device/ST/STM32F1xx/Include -I../Drivers/CMSIS/Include -O0 -ffunction-sections -fdata-sections -Wall -fstack-usage -MMD -MP -MF"Core/Src/main.d" -MT"Core/Src/main.o" --specs=nano.specs -mfloat-abi=soft -mthumb -o "Core/Src/main.o"
arm-none-eabi-gcc -o "Lab1.elf" @"objects.list"   -mcpu=cortex-m3 -T"G:\Study\ViXuLy\BeforeGit\Lab1\STM32F103C6UX_FLASH.ld" --specs=nosys.specs -Wl,-Map="Lab1.map" -Wl,--gc-sections -static --specs=nano.specs -mfloat-abi=soft -mthumb -Wl,--start-group -lc -lm -Wl,--end-group
Finished building target: Lab1.elf
 
arm-none-eabi-size   Lab1.elf 
arm-none-eabi-objdump -h -S  Lab1.elf  > "Lab1.list"
arm-none-eabi-objcopy  -O ihex  Lab1.elf  "Lab1.hex"
arm-none-eabi-objcopy  -O binary  Lab1.elf  "Lab1.bin"
   text	   data	    bss	    dec	    hex	filename
   5828	     20	   1572	   7420	   1cfc	Lab1.elf
Finished building: default.size.stdout
 
Finished building: Lab1.hex
Finished building: Lab1.bin
 
 
Finished building: Lab1.list
 
10:21:27 **** Incremental Build of configuration Debug for project Lab1 ****
make -j12 all 
arm-none-eabi-gcc "../Core/Src/main.c" -mcpu=cortex-m3 -std=gnu11 -g3 -DDEBUG -DUSE_HAL_DRIVER -DSTM32F103x6 -c -I../Core/Inc -I../Drivers/STM32F1xx_HAL_Driver/Inc -I../Drivers/STM32F1xx_HAL_Driver/Inc/Legacy -I../Drivers/CMSIS/Device/ST/STM32F1xx/Include -I../Drivers/CMSIS/Include -O0 -ffunction-sections -fdata-sections -Wall -fstack-usage -MMD -MP -MF"Core/Src/main.d" -MT"Core/Src/main.o" --specs=nano.specs -mfloat-abi=soft -mthumb -o "Core/Src/main.o"
arm-none-eabi-gcc -o "Lab1.elf" @"objects.list"   -mcpu=cortex-m3 -T"G:\Study\ViXuLy\BeforeGit\Lab1\STM32F103C6UX_FLASH.ld" --specs=nosys.specs -Wl,-Map="Lab1.map" -Wl,--gc-sections -static --specs=nano.specs -mfloat-abi=soft -mthumb -Wl,--start-group -lc -lm -Wl,--end-group
Finished building target: Lab1.elf
 
arm-none-eabi-size   Lab1.elf 
arm-none-eabi-objdump -h -S  Lab1.elf  > "Lab1.list"
arm-none-eabi-objcopy  -O ihex  Lab1.elf  "Lab1.hex"
   text	   data	    bss	    dec	    hex	filename
   5748	     20	   1572	   7340	   1cac	Lab1.elf
arm-none-eabi-objcopy  -O binary  Lab1.elf  "Lab1.bin"
Finished building: default.size.stdout
 
Finished building: Lab1.hex
Finished building: Lab1.bin
 
 
Finished building: Lab1.list
 
10:21:59 **** Incremental Build of configuration Debug for project Lab1 ****
make -j12 all 
arm-none-eabi-gcc "../Core/Src/main.c" -mcpu=cortex-m3 -std=gnu11 -g3 -DDEBUG -DUSE_HAL_DRIVER -DSTM32F103x6 -c -I../Core/Inc -I../Drivers/STM32F1xx_HAL_Driver/Inc -I../Drivers/STM32F1xx_HAL_Driver/Inc/Legacy -I../Drivers/CMSIS/Device/ST/STM32F1xx/Include -I../Drivers/CMSIS/Include -O0 -ffunction-sections -fdata-sections -Wall -fstack-usage -MMD -MP -MF"Core/Src/main.d" -MT"Core/Src/main.o" --specs=nano.specs -mfloat-abi=soft -mthumb -o "Core/Src/main.o"
arm-none-eabi-gcc -o "Lab1.elf" @"objects.list"   -mcpu=cortex-m3 -T"G:\Study\ViXuLy\BeforeGit\Lab1\STM32F103C6UX_FLASH.ld" --specs=nosys.specs -Wl,-Map="Lab1.map" -Wl,--gc-sections -static --specs=nano.specs -mfloat-abi=soft -mthumb -Wl,--start-group -lc -lm -Wl,--end-group
Finished building target: Lab1.elf
 
arm-none-eabi-size   Lab1.elf 
arm-none-eabi-objdump -h -S  Lab1.elf  > "Lab1.list"
arm-none-eabi-objcopy  -O ihex  Lab1.elf  "Lab1.hex"
   text	   data	    bss	    dec	    hex	filename
   5828	     20	   1572	   7420	   1cfc	Lab1.elf
arm-none-eabi-objcopy  -O binary  Lab1.elf  "Lab1.bin"
Finished building: default.size.stdout
 
Finished building: Lab1.bin
Finished building: Lab1.hex
 
Finished building: Lab1.list
 
 
10:23:43 **** Incremental Build of configuration Debug for project Lab1 ****
make -j12 all 
arm-none-eabi-gcc "../Core/Src/main.c" -mcpu=cortex-m3 -std=gnu11 -g3 -DDEBUG -DUSE_HAL_DRIVER -DSTM32F103x6 -c -I../Core/Inc -I../Drivers/STM32F1xx_HAL_Driver/Inc -I../Drivers/STM32F1xx_HAL_Driver/Inc/Legacy -I../Drivers/CMSIS/Device/ST/STM32F1xx/Include -I../Drivers/CMSIS/Include -O0 -ffunction-sections -fdata-sections -Wall -fstack-usage -MMD -MP -MF"Core/Src/main.d" -MT"Core/Src/main.o" --specs=nano.specs -mfloat-abi=soft -mthumb -o "Core/Src/main.o"
arm-none-eabi-gcc -o "Lab1.elf" @"objects.list"   -mcpu=cortex-m3 -T"G:\Study\ViXuLy\BeforeGit\Lab1\STM32F103C6UX_FLASH.ld" --specs=nosys.specs -Wl,-Map="Lab1.map" -Wl,--gc-sections -static --specs=nano.specs -mfloat-abi=soft -mthumb -Wl,--start-group -lc -lm -Wl,--end-group
Finished building target: Lab1.elf
 
arm-none-eabi-size   Lab1.elf 
arm-none-eabi-objdump -h -S  Lab1.elf  > "Lab1.list"
arm-none-eabi-objcopy  -O ihex  Lab1.elf  "Lab1.hex"
arm-none-eabi-objcopy  -O binary  Lab1.elf  "Lab1.bin"
   text	   data	    bss	    dec	    hex	filename
   5840	     20	   1572	   7432	   1d08	Lab1.elf
Finished building: default.size.stdout
 
Finished building: Lab1.hex
Finished building: Lab1.bin
 
 
Finished building: Lab1.list
 
